{
  "stats": {
    "suites": 4,
    "tests": 5,
    "passes": 2,
    "pending": 0,
    "failures": 3,
    "start": "2023-11-11T03:13:57.253Z",
    "end": "2023-11-11T03:14:01.570Z",
    "duration": 4317,
    "testsRegistered": 5,
    "passPercent": 40,
    "pendingPercent": 0,
    "other": 0,
    "hasOther": false,
    "skipped": 0,
    "hasSkipped": false
  },
  "results": [
    {
      "uuid": "37913500-73e2-4d80-ad55-a17e3d350cbd",
      "title": "",
      "fullFile": "cypress\\e2e\\api_test.cy.js",
      "file": "cypress\\e2e\\api_test.cy.js",
      "beforeHooks": [],
      "afterHooks": [],
      "tests": [],
      "suites": [
        {
          "uuid": "f6389650-9fb5-450c-9f01-f6cbcf3c7b4a",
          "title": "API Testing ATMATECH",
          "fullFile": "",
          "file": "",
          "beforeHooks": [],
          "afterHooks": [],
          "tests": [],
          "suites": [
            {
              "uuid": "502b15ef-d697-48bb-9cc1-59bacd40dec2",
              "title": "Login Endpoint",
              "fullFile": "",
              "file": "",
              "beforeHooks": [],
              "afterHooks": [],
              "tests": [
                {
                  "title": "Positif Case: Login with valid credential",
                  "fullTitle": "API Testing ATMATECH Login Endpoint Positif Case: Login with valid credential",
                  "timedOut": null,
                  "duration": 1270,
                  "state": "failed",
                  "speed": null,
                  "pass": false,
                  "fail": true,
                  "pending": false,
                  "context": null,
                  "code": "cy.request({\n  method: 'POST',\n  url: `${Cypress.config('baseURL')}/login`,\n  body: {\n    username: validUsername,\n    password: validPassword\n  }\n}).then(response => {\n  expect(response.status).to.eq(200);\n  expect(response.body).to.have.property('accessToken');\n  token = response.body.accessToken;\n});",
                  "err": {
                    "message": "CypressError: `cy.request()` failed on:\n\nhttps://qc-test.atmatech.id/api/undefined/login\n\nThe response we received from your web server was:\n\n  > 404: Not Found\n\nThis was considered a failure because the status code was not `2xx` or `3xx`.\n\nIf you do not want status codes to cause failures pass the option: `failOnStatusCode: false`\n\n-----------------------------------------------------------\n\nThe request we sent was:\n\nMethod: POST\nURL: https://qc-test.atmatech.id/api/undefined/login\nHeaders: {\n  \"Connection\": \"keep-alive\",\n  \"user-agent\": \"Mozilla/5.0 (Windows NT 10.0; Win64; x64) AppleWebKit/537.36 (KHTML, like Gecko) Cypress/13.5.0 Chrome/114.0.5735.289 Electron/25.8.4 Safari/537.36\",\n  \"accept\": \"*/*\",\n  \"accept-encoding\": \"gzip, deflate\",\n  \"content-type\": \"application/json\",\n  \"content-length\": 49\n}\nBody: {\"username\":\"superadmin\",\"password\":\"Password1!\"}\n\n-----------------------------------------------------------\n\nThe response we got was:\n\nStatus: 404 - Not Found\nHeaders: {\n  \"date\": \"Sat, 11 Nov 2023 03:13:59 GMT\",\n  \"content-type\": \"application/json; charset=UTF-8\",\n  \"content-length\": \"24\",\n  \"connection\": \"keep-alive\",\n  \"vary\": \"Origin\",\n  \"cf-cache-status\": \"DYNAMIC\",\n  \"report-to\": \"{\\\"endpoints\\\":[{\\\"url\\\":\\\"https:\\\\/\\\\/a.nel.cloudflare.com\\\\/report\\\\/v3?s=h6vOje5%2BN1r0l8r7g5jaOe06EhXCvjJtBDJ6r9r%2By3W5wy5kNXMDhnRkWtXCDdLO%2F1o8evxxKOghWdcqPF3G2dZJ%2Ba8Swjsgo4bg91ZjSrK1S31bvUCMMqL6zc4vtBx6b5ygpjtU\\\"}],\\\"group\\\":\\\"cf-nel\\\",\\\"max_age\\\":604800}\",\n  \"nel\": \"{\\\"success_fraction\\\":0,\\\"report_to\\\":\\\"cf-nel\\\",\\\"max_age\\\":604800}\",\n  \"server\": \"cloudflare\",\n  \"cf-ray\": \"82435ccc9e11be92-CGK\",\n  \"alt-svc\": \"h3=\\\":443\\\"; ma=86400\"\n}\nBody: {\n  \"message\": \"Not Found\"\n}\n\n\nhttps://on.cypress.io/request",
                    "estack": "CypressError: `cy.request()` failed on:\n\nhttps://qc-test.atmatech.id/api/undefined/login\n\nThe response we received from your web server was:\n\n  > 404: Not Found\n\nThis was considered a failure because the status code was not `2xx` or `3xx`.\n\nIf you do not want status codes to cause failures pass the option: `failOnStatusCode: false`\n\n-----------------------------------------------------------\n\nThe request we sent was:\n\nMethod: POST\nURL: https://qc-test.atmatech.id/api/undefined/login\nHeaders: {\n  \"Connection\": \"keep-alive\",\n  \"user-agent\": \"Mozilla/5.0 (Windows NT 10.0; Win64; x64) AppleWebKit/537.36 (KHTML, like Gecko) Cypress/13.5.0 Chrome/114.0.5735.289 Electron/25.8.4 Safari/537.36\",\n  \"accept\": \"*/*\",\n  \"accept-encoding\": \"gzip, deflate\",\n  \"content-type\": \"application/json\",\n  \"content-length\": 49\n}\nBody: {\"username\":\"superadmin\",\"password\":\"Password1!\"}\n\n-----------------------------------------------------------\n\nThe response we got was:\n\nStatus: 404 - Not Found\nHeaders: {\n  \"date\": \"Sat, 11 Nov 2023 03:13:59 GMT\",\n  \"content-type\": \"application/json; charset=UTF-8\",\n  \"content-length\": \"24\",\n  \"connection\": \"keep-alive\",\n  \"vary\": \"Origin\",\n  \"cf-cache-status\": \"DYNAMIC\",\n  \"report-to\": \"{\\\"endpoints\\\":[{\\\"url\\\":\\\"https:\\\\/\\\\/a.nel.cloudflare.com\\\\/report\\\\/v3?s=h6vOje5%2BN1r0l8r7g5jaOe06EhXCvjJtBDJ6r9r%2By3W5wy5kNXMDhnRkWtXCDdLO%2F1o8evxxKOghWdcqPF3G2dZJ%2Ba8Swjsgo4bg91ZjSrK1S31bvUCMMqL6zc4vtBx6b5ygpjtU\\\"}],\\\"group\\\":\\\"cf-nel\\\",\\\"max_age\\\":604800}\",\n  \"nel\": \"{\\\"success_fraction\\\":0,\\\"report_to\\\":\\\"cf-nel\\\",\\\"max_age\\\":604800}\",\n  \"server\": \"cloudflare\",\n  \"cf-ray\": \"82435ccc9e11be92-CGK\",\n  \"alt-svc\": \"h3=\\\":443\\\"; ma=86400\"\n}\nBody: {\n  \"message\": \"Not Found\"\n}\n\n\nhttps://on.cypress.io/request\n    at <unknown> (https://qc-test.atmatech.id/__cypress/runner/cypress_runner.js:133362:72)\n    at tryCatcher (https://qc-test.atmatech.id/__cypress/runner/cypress_runner.js:1807:23)\n    at Promise._settlePromiseFromHandler (https://qc-test.atmatech.id/__cypress/runner/cypress_runner.js:1519:31)\n    at Promise._settlePromise (https://qc-test.atmatech.id/__cypress/runner/cypress_runner.js:1576:18)\n    at Promise._settlePromise0 (https://qc-test.atmatech.id/__cypress/runner/cypress_runner.js:1621:10)\n    at Promise._settlePromises (https://qc-test.atmatech.id/__cypress/runner/cypress_runner.js:1701:18)\n    at _drainQueueStep (https://qc-test.atmatech.id/__cypress/runner/cypress_runner.js:2407:12)\n    at _drainQueue (https://qc-test.atmatech.id/__cypress/runner/cypress_runner.js:2400:9)\n    at Async._drainQueues (https://qc-test.atmatech.id/__cypress/runner/cypress_runner.js:2416:5)\n    at Async.drainQueues (https://qc-test.atmatech.id/__cypress/runner/cypress_runner.js:2286:14)\nFrom Your Spec Code:\n    at Context.eval (webpack:///./cypress/e2e/api_test.cy.js:14:15)",
                    "diff": null
                  },
                  "uuid": "9d77c2a1-56c9-49e4-8339-5591adec6af6",
                  "parentUUID": "502b15ef-d697-48bb-9cc1-59bacd40dec2",
                  "isHook": false,
                  "skipped": false
                },
                {
                  "title": "Negatif Case: Login with invalid credential",
                  "fullTitle": "API Testing ATMATECH Login Endpoint Negatif Case: Login with invalid credential",
                  "timedOut": null,
                  "duration": 333,
                  "state": "passed",
                  "speed": "fast",
                  "pass": true,
                  "fail": false,
                  "pending": false,
                  "context": null,
                  "code": "cy.request({\n  method: 'POST',\n  url: 'https://qc-test.atmatech.id/api/login',\n  body: {\n    username: invalidUsername,\n    password: invalidPassword\n  },\n  failOnStatusCode: false\n}).then(response => {\n  expect(response.status).to.eq(400);\n  expect(response.body).to.have.property('message', 'Nama pengguna atau kata sandi salah.');\n});",
                  "err": {},
                  "uuid": "0fc73682-6aae-4d63-a256-d3454d788b94",
                  "parentUUID": "502b15ef-d697-48bb-9cc1-59bacd40dec2",
                  "isHook": false,
                  "skipped": false
                }
              ],
              "suites": [],
              "passes": [
                "0fc73682-6aae-4d63-a256-d3454d788b94"
              ],
              "failures": [
                "9d77c2a1-56c9-49e4-8339-5591adec6af6"
              ],
              "pending": [],
              "skipped": [],
              "duration": 1603,
              "root": false,
              "rootEmpty": false,
              "_timeout": 2000
            },
            {
              "uuid": "1bc5c82f-5b32-48e5-b356-6a391c47a967",
              "title": "User Detail Login",
              "fullFile": "",
              "file": "",
              "beforeHooks": [],
              "afterHooks": [],
              "tests": [
                {
                  "title": "User Detail | Positif Case: Get User Detail with valid access token",
                  "fullTitle": "API Testing ATMATECH User Detail Login User Detail | Positif Case: Get User Detail with valid access token",
                  "timedOut": null,
                  "duration": 613,
                  "state": "failed",
                  "speed": null,
                  "pass": false,
                  "fail": true,
                  "pending": false,
                  "context": null,
                  "code": "cy.request({\n  method: 'GET',\n  url: 'https://qc-test.atmatech.id/api/me/',\n  headers: {\n    Authorization: `Bearer ${token}`\n  }\n}).then(response => {\n  expect(response.status).to.eq(200);\n  expect(response.body).to.have.property('_id');\n  expect(response.body).to.have.property('username');\n});",
                  "err": {
                    "message": "CypressError: `cy.request()` failed on:\n\nhttps://qc-test.atmatech.id/api/me/\n\nThe response we received from your web server was:\n\n  > 401: Unauthorized\n\nThis was considered a failure because the status code was not `2xx` or `3xx`.\n\nIf you do not want status codes to cause failures pass the option: `failOnStatusCode: false`\n\n-----------------------------------------------------------\n\nThe request we sent was:\n\nMethod: GET\nURL: https://qc-test.atmatech.id/api/me/\nHeaders: {\n  \"Connection\": \"keep-alive\",\n  \"Authorization\": \"Bearer undefined\",\n  \"user-agent\": \"Mozilla/5.0 (Windows NT 10.0; Win64; x64) AppleWebKit/537.36 (KHTML, like Gecko) Cypress/13.5.0 Chrome/114.0.5735.289 Electron/25.8.4 Safari/537.36\",\n  \"accept\": \"*/*\",\n  \"accept-encoding\": \"gzip, deflate\"\n}\n\n-----------------------------------------------------------\n\nThe response we got was:\n\nStatus: 401 - Unauthorized\nHeaders: {\n  \"date\": \"Sat, 11 Nov 2023 03:14:01 GMT\",\n  \"content-type\": \"application/json; charset=UTF-8\",\n  \"content-length\": \"27\",\n  \"connection\": \"keep-alive\",\n  \"vary\": \"Origin\",\n  \"cf-cache-status\": \"DYNAMIC\",\n  \"report-to\": \"{\\\"endpoints\\\":[{\\\"url\\\":\\\"https:\\\\/\\\\/a.nel.cloudflare.com\\\\/report\\\\/v3?s=JVpJwdCVFzo4N3OM0VwdjfKLcpy97C47skm2fEwgPMXitlaE5l3EhwnBGKk3XrELnqf1M2RJc21IjjAgq7%2FW%2FHLetOUarVfEPmS6iUiL6dcsVJDcgz0emPjYGZGns3VEMuhanooV\\\"}],\\\"group\\\":\\\"cf-nel\\\",\\\"max_age\\\":604800}\",\n  \"nel\": \"{\\\"success_fraction\\\":0,\\\"report_to\\\":\\\"cf-nel\\\",\\\"max_age\\\":604800}\",\n  \"server\": \"cloudflare\",\n  \"cf-ray\": \"82435cd79e5fbe92-CGK\",\n  \"alt-svc\": \"h3=\\\":443\\\"; ma=86400\"\n}\nBody: {\n  \"message\": \"Unauthorized\"\n}\n\n\nhttps://on.cypress.io/request",
                    "estack": "CypressError: `cy.request()` failed on:\n\nhttps://qc-test.atmatech.id/api/me/\n\nThe response we received from your web server was:\n\n  > 401: Unauthorized\n\nThis was considered a failure because the status code was not `2xx` or `3xx`.\n\nIf you do not want status codes to cause failures pass the option: `failOnStatusCode: false`\n\n-----------------------------------------------------------\n\nThe request we sent was:\n\nMethod: GET\nURL: https://qc-test.atmatech.id/api/me/\nHeaders: {\n  \"Connection\": \"keep-alive\",\n  \"Authorization\": \"Bearer undefined\",\n  \"user-agent\": \"Mozilla/5.0 (Windows NT 10.0; Win64; x64) AppleWebKit/537.36 (KHTML, like Gecko) Cypress/13.5.0 Chrome/114.0.5735.289 Electron/25.8.4 Safari/537.36\",\n  \"accept\": \"*/*\",\n  \"accept-encoding\": \"gzip, deflate\"\n}\n\n-----------------------------------------------------------\n\nThe response we got was:\n\nStatus: 401 - Unauthorized\nHeaders: {\n  \"date\": \"Sat, 11 Nov 2023 03:14:01 GMT\",\n  \"content-type\": \"application/json; charset=UTF-8\",\n  \"content-length\": \"27\",\n  \"connection\": \"keep-alive\",\n  \"vary\": \"Origin\",\n  \"cf-cache-status\": \"DYNAMIC\",\n  \"report-to\": \"{\\\"endpoints\\\":[{\\\"url\\\":\\\"https:\\\\/\\\\/a.nel.cloudflare.com\\\\/report\\\\/v3?s=JVpJwdCVFzo4N3OM0VwdjfKLcpy97C47skm2fEwgPMXitlaE5l3EhwnBGKk3XrELnqf1M2RJc21IjjAgq7%2FW%2FHLetOUarVfEPmS6iUiL6dcsVJDcgz0emPjYGZGns3VEMuhanooV\\\"}],\\\"group\\\":\\\"cf-nel\\\",\\\"max_age\\\":604800}\",\n  \"nel\": \"{\\\"success_fraction\\\":0,\\\"report_to\\\":\\\"cf-nel\\\",\\\"max_age\\\":604800}\",\n  \"server\": \"cloudflare\",\n  \"cf-ray\": \"82435cd79e5fbe92-CGK\",\n  \"alt-svc\": \"h3=\\\":443\\\"; ma=86400\"\n}\nBody: {\n  \"message\": \"Unauthorized\"\n}\n\n\nhttps://on.cypress.io/request\n    at <unknown> (https://qc-test.atmatech.id/__cypress/runner/cypress_runner.js:133362:72)\n    at tryCatcher (https://qc-test.atmatech.id/__cypress/runner/cypress_runner.js:1807:23)\n    at Promise._settlePromiseFromHandler (https://qc-test.atmatech.id/__cypress/runner/cypress_runner.js:1519:31)\n    at Promise._settlePromise (https://qc-test.atmatech.id/__cypress/runner/cypress_runner.js:1576:18)\n    at Promise._settlePromise0 (https://qc-test.atmatech.id/__cypress/runner/cypress_runner.js:1621:10)\n    at Promise._settlePromises (https://qc-test.atmatech.id/__cypress/runner/cypress_runner.js:1701:18)\n    at _drainQueueStep (https://qc-test.atmatech.id/__cypress/runner/cypress_runner.js:2407:12)\n    at _drainQueue (https://qc-test.atmatech.id/__cypress/runner/cypress_runner.js:2400:9)\n    at Async._drainQueues (https://qc-test.atmatech.id/__cypress/runner/cypress_runner.js:2416:5)\n    at Async.drainQueues (https://qc-test.atmatech.id/__cypress/runner/cypress_runner.js:2286:14)\nFrom Your Spec Code:\n    at Context.eval (webpack:///./cypress/e2e/api_test.cy.js:47:15)",
                    "diff": null
                  },
                  "uuid": "d890026e-9afd-48fb-bb61-c97b13ace605",
                  "parentUUID": "1bc5c82f-5b32-48e5-b356-6a391c47a967",
                  "isHook": false,
                  "skipped": false
                },
                {
                  "title": "User Detail Login | Negatif Case: Unauthorized access to Detail",
                  "fullTitle": "API Testing ATMATECH User Detail Login User Detail Login | Negatif Case: Unauthorized access to Detail",
                  "timedOut": null,
                  "duration": 208,
                  "state": "passed",
                  "speed": "fast",
                  "pass": true,
                  "fail": false,
                  "pending": false,
                  "context": null,
                  "code": "cy.request({\n  method: 'GET',\n  url: 'https://qc-test.atmatech.id/api/me/',\n  headers: {\n    Authorization: 'Bearer invalidToken'\n  },\n  failOnStatusCode: false\n}).then(response => {\n  expect(response.status).to.eq(401);\n  expect(response.body).to.have.property('message', 'Unauthorized');\n});",
                  "err": {},
                  "uuid": "77d9c964-0e22-41d8-8a8d-f1858bfeda15",
                  "parentUUID": "1bc5c82f-5b32-48e5-b356-6a391c47a967",
                  "isHook": false,
                  "skipped": false
                }
              ],
              "suites": [],
              "passes": [
                "77d9c964-0e22-41d8-8a8d-f1858bfeda15"
              ],
              "failures": [
                "d890026e-9afd-48fb-bb61-c97b13ace605"
              ],
              "pending": [],
              "skipped": [],
              "duration": 821,
              "root": false,
              "rootEmpty": false,
              "_timeout": 2000
            },
            {
              "uuid": "bc685f7b-2fcf-4336-b15b-31783b420afc",
              "title": "Users Endpoint",
              "fullFile": "",
              "file": "",
              "beforeHooks": [],
              "afterHooks": [],
              "tests": [
                {
                  "title": "Positif Case: Get data User based on criteria",
                  "fullTitle": "API Testing ATMATECH Users Endpoint Positif Case: Get data User based on criteria",
                  "timedOut": null,
                  "duration": 763,
                  "state": "failed",
                  "speed": null,
                  "pass": false,
                  "fail": true,
                  "pending": false,
                  "context": null,
                  "code": "const validCriteria = {\n  q: '',\n  role: 'user',\n  page: 1,\n  limit: 10\n};\ncy.request({\n  method: 'GET',\n  url: 'https://qc-test.atmatech.id/api/user/',\n  headers: {\n    Authorization: `Bearer ${token}`\n  },\n  qs: validCriteria\n}).then(response => {\n  expect(response.status).to.eq(200);\n  expect(response.body).to.have.property('limit');\n  expect(response.body).to.have.property('page');\n  expect(response.body).to.have.property('pages');\n  expect(response.body).to.have.property('result');\n  expect(response.body).to.have.property('total');\n});",
                  "err": {
                    "message": "CypressError: `cy.request()` failed on:\n\nhttps://qc-test.atmatech.id/api/user/?q=&role=user&page=1&limit=10\n\nThe response we received from your web server was:\n\n  > 401: Unauthorized\n\nThis was considered a failure because the status code was not `2xx` or `3xx`.\n\nIf you do not want status codes to cause failures pass the option: `failOnStatusCode: false`\n\n-----------------------------------------------------------\n\nThe request we sent was:\n\nMethod: GET\nURL: https://qc-test.atmatech.id/api/user/?q=&role=user&page=1&limit=10\nHeaders: {\n  \"Connection\": \"keep-alive\",\n  \"Authorization\": \"Bearer undefined\",\n  \"user-agent\": \"Mozilla/5.0 (Windows NT 10.0; Win64; x64) AppleWebKit/537.36 (KHTML, like Gecko) Cypress/13.5.0 Chrome/114.0.5735.289 Electron/25.8.4 Safari/537.36\",\n  \"accept\": \"*/*\",\n  \"accept-encoding\": \"gzip, deflate\"\n}\n\n-----------------------------------------------------------\n\nThe response we got was:\n\nStatus: 401 - Unauthorized\nHeaders: {\n  \"date\": \"Sat, 11 Nov 2023 03:14:02 GMT\",\n  \"content-type\": \"application/json; charset=UTF-8\",\n  \"content-length\": \"27\",\n  \"connection\": \"keep-alive\",\n  \"vary\": \"Origin\",\n  \"cf-cache-status\": \"DYNAMIC\",\n  \"report-to\": \"{\\\"endpoints\\\":[{\\\"url\\\":\\\"https:\\\\/\\\\/a.nel.cloudflare.com\\\\/report\\\\/v3?s=EthTgPez7b7GPTT2q0RJsz8uYEE%2BFOMAo%2FY5r%2FmuNm70JuiBYYDhTQC5a81TQ1bIvpFqXd17LtOz%2Bo5%2BQ5pNzev7i8twTFZ08at%2F6NqY6KJWUwyZY5s1vy7j83bd9vRac4HpMiGB\\\"}],\\\"group\\\":\\\"cf-nel\\\",\\\"max_age\\\":604800}\",\n  \"nel\": \"{\\\"success_fraction\\\":0,\\\"report_to\\\":\\\"cf-nel\\\",\\\"max_age\\\":604800}\",\n  \"server\": \"cloudflare\",\n  \"cf-ray\": \"82435cdf8dd5be92-CGK\",\n  \"alt-svc\": \"h3=\\\":443\\\"; ma=86400\"\n}\nBody: {\n  \"message\": \"Unauthorized\"\n}\n\n\nhttps://on.cypress.io/request",
                    "estack": "CypressError: `cy.request()` failed on:\n\nhttps://qc-test.atmatech.id/api/user/?q=&role=user&page=1&limit=10\n\nThe response we received from your web server was:\n\n  > 401: Unauthorized\n\nThis was considered a failure because the status code was not `2xx` or `3xx`.\n\nIf you do not want status codes to cause failures pass the option: `failOnStatusCode: false`\n\n-----------------------------------------------------------\n\nThe request we sent was:\n\nMethod: GET\nURL: https://qc-test.atmatech.id/api/user/?q=&role=user&page=1&limit=10\nHeaders: {\n  \"Connection\": \"keep-alive\",\n  \"Authorization\": \"Bearer undefined\",\n  \"user-agent\": \"Mozilla/5.0 (Windows NT 10.0; Win64; x64) AppleWebKit/537.36 (KHTML, like Gecko) Cypress/13.5.0 Chrome/114.0.5735.289 Electron/25.8.4 Safari/537.36\",\n  \"accept\": \"*/*\",\n  \"accept-encoding\": \"gzip, deflate\"\n}\n\n-----------------------------------------------------------\n\nThe response we got was:\n\nStatus: 401 - Unauthorized\nHeaders: {\n  \"date\": \"Sat, 11 Nov 2023 03:14:02 GMT\",\n  \"content-type\": \"application/json; charset=UTF-8\",\n  \"content-length\": \"27\",\n  \"connection\": \"keep-alive\",\n  \"vary\": \"Origin\",\n  \"cf-cache-status\": \"DYNAMIC\",\n  \"report-to\": \"{\\\"endpoints\\\":[{\\\"url\\\":\\\"https:\\\\/\\\\/a.nel.cloudflare.com\\\\/report\\\\/v3?s=EthTgPez7b7GPTT2q0RJsz8uYEE%2BFOMAo%2FY5r%2FmuNm70JuiBYYDhTQC5a81TQ1bIvpFqXd17LtOz%2Bo5%2BQ5pNzev7i8twTFZ08at%2F6NqY6KJWUwyZY5s1vy7j83bd9vRac4HpMiGB\\\"}],\\\"group\\\":\\\"cf-nel\\\",\\\"max_age\\\":604800}\",\n  \"nel\": \"{\\\"success_fraction\\\":0,\\\"report_to\\\":\\\"cf-nel\\\",\\\"max_age\\\":604800}\",\n  \"server\": \"cloudflare\",\n  \"cf-ray\": \"82435cdf8dd5be92-CGK\",\n  \"alt-svc\": \"h3=\\\":443\\\"; ma=86400\"\n}\nBody: {\n  \"message\": \"Unauthorized\"\n}\n\n\nhttps://on.cypress.io/request\n    at <unknown> (https://qc-test.atmatech.id/__cypress/runner/cypress_runner.js:133362:72)\n    at tryCatcher (https://qc-test.atmatech.id/__cypress/runner/cypress_runner.js:1807:23)\n    at Promise._settlePromiseFromHandler (https://qc-test.atmatech.id/__cypress/runner/cypress_runner.js:1519:31)\n    at Promise._settlePromise (https://qc-test.atmatech.id/__cypress/runner/cypress_runner.js:1576:18)\n    at Promise._settlePromise0 (https://qc-test.atmatech.id/__cypress/runner/cypress_runner.js:1621:10)\n    at Promise._settlePromises (https://qc-test.atmatech.id/__cypress/runner/cypress_runner.js:1701:18)\n    at _drainQueueStep (https://qc-test.atmatech.id/__cypress/runner/cypress_runner.js:2407:12)\n    at _drainQueue (https://qc-test.atmatech.id/__cypress/runner/cypress_runner.js:2400:9)\n    at Async._drainQueues (https://qc-test.atmatech.id/__cypress/runner/cypress_runner.js:2416:5)\n    at Async.drainQueues (https://qc-test.atmatech.id/__cypress/runner/cypress_runner.js:2286:14)\nFrom Your Spec Code:\n    at Context.eval (webpack:///./cypress/e2e/api_test.cy.js:125:15)",
                    "diff": null
                  },
                  "uuid": "5a191e46-156a-44e5-87fd-b521f07a678c",
                  "parentUUID": "bc685f7b-2fcf-4336-b15b-31783b420afc",
                  "isHook": false,
                  "skipped": false
                }
              ],
              "suites": [],
              "passes": [],
              "failures": [
                "5a191e46-156a-44e5-87fd-b521f07a678c"
              ],
              "pending": [],
              "skipped": [],
              "duration": 763,
              "root": false,
              "rootEmpty": false,
              "_timeout": 2000
            }
          ],
          "passes": [],
          "failures": [],
          "pending": [],
          "skipped": [],
          "duration": 0,
          "root": false,
          "rootEmpty": false,
          "_timeout": 2000
        }
      ],
      "passes": [],
      "failures": [],
      "pending": [],
      "skipped": [],
      "duration": 0,
      "root": true,
      "rootEmpty": true,
      "_timeout": 2000
    }
  ],
  "meta": {
    "mocha": {
      "version": "7.0.1"
    },
    "mochawesome": {
      "options": {
        "quiet": false,
        "reportFilename": "mochawesome",
        "saveHtml": true,
        "saveJson": true,
        "consoleReporter": "spec",
        "useInlineDiffs": false,
        "code": true
      },
      "version": "7.1.3"
    },
    "marge": {
      "options": {
        "id": "default",
        "reportDir": "cypress/mochawesome-report",
        "overwrite": false,
        "html": true,
        "json": true
      },
      "version": "6.2.0"
    }
  }
}