{
  "stats": {
    "suites": 3,
    "tests": 6,
    "passes": 6,
    "pending": 0,
    "failures": 0,
    "start": "2023-11-10T14:59:25.394Z",
    "end": "2023-11-10T14:59:27.219Z",
    "duration": 1825,
    "testsRegistered": 6,
    "passPercent": 100,
    "pendingPercent": 0,
    "other": 0,
    "hasOther": false,
    "skipped": 0,
    "hasSkipped": false
  },
  "results": [
    {
      "uuid": "00f3ade6-959a-47f1-aa78-36ee1a4da575",
      "title": "",
      "fullFile": "cypress\\e2e\\api_test.cy.js",
      "file": "cypress\\e2e\\api_test.cy.js",
      "beforeHooks": [],
      "afterHooks": [],
      "tests": [],
      "suites": [
        {
          "uuid": "88da2cfd-b6af-4991-ab9f-fa8740dd749d",
          "title": "API Testing ATMATECH",
          "fullFile": "",
          "file": "",
          "beforeHooks": [],
          "afterHooks": [],
          "tests": [],
          "suites": [
            {
              "uuid": "64d8e57d-c2d6-4c62-b3e3-2663741613dc",
              "title": "Login Endpoint",
              "fullFile": "",
              "file": "",
              "beforeHooks": [],
              "afterHooks": [],
              "tests": [
                {
                  "title": "Positif Case: Login with valid credential",
                  "fullTitle": "API Testing ATMATECH Login Endpoint Positif Case: Login with valid credential",
                  "timedOut": null,
                  "duration": 494,
                  "state": "passed",
                  "speed": "fast",
                  "pass": true,
                  "fail": false,
                  "pending": false,
                  "context": null,
                  "code": "cy.request({\n  method: 'POST',\n  url: 'https://qc-test.atmatech.id/api/login',\n  body: {\n    username: validUsername,\n    password: validPassword\n  }\n}).then(response => {\n  expect(response.status).to.eq(200);\n  expect(response.body).to.have.property('accessToken');\n  token = response.body.accessToken;\n});",
                  "err": {},
                  "uuid": "8c492dd7-2478-489f-8c9c-ecc13e97044e",
                  "parentUUID": "64d8e57d-c2d6-4c62-b3e3-2663741613dc",
                  "isHook": false,
                  "skipped": false
                },
                {
                  "title": "Negatif Case: Login with invalid credential",
                  "fullTitle": "API Testing ATMATECH Login Endpoint Negatif Case: Login with invalid credential",
                  "timedOut": null,
                  "duration": 170,
                  "state": "passed",
                  "speed": "fast",
                  "pass": true,
                  "fail": false,
                  "pending": false,
                  "context": null,
                  "code": "cy.request({\n  method: 'POST',\n  url: 'https://qc-test.atmatech.id/api/login',\n  body: {\n    username: invalidUsername,\n    password: invalidPassword\n  },\n  failOnStatusCode: false\n}).then(response => {\n  expect(response.status).to.eq(400);\n  expect(response.body).to.have.property('message', 'Nama pengguna atau kata sandi salah.');\n});",
                  "err": {},
                  "uuid": "de01c14c-3351-4569-9c55-dff67a1e0781",
                  "parentUUID": "64d8e57d-c2d6-4c62-b3e3-2663741613dc",
                  "isHook": false,
                  "skipped": false
                }
              ],
              "suites": [],
              "passes": [
                "8c492dd7-2478-489f-8c9c-ecc13e97044e",
                "de01c14c-3351-4569-9c55-dff67a1e0781"
              ],
              "failures": [],
              "pending": [],
              "skipped": [],
              "duration": 664,
              "root": false,
              "rootEmpty": false,
              "_timeout": 2000
            },
            {
              "uuid": "074d0041-16cc-444f-916c-720585977995",
              "title": "Me Endpoint",
              "fullFile": "",
              "file": "",
              "beforeHooks": [],
              "afterHooks": [],
              "tests": [
                {
                  "title": "Detail Profile | Positif Case: Get User Detail with valid access token",
                  "fullTitle": "API Testing ATMATECH Me Endpoint Detail Profile | Positif Case: Get User Detail with valid access token",
                  "timedOut": null,
                  "duration": 292,
                  "state": "passed",
                  "speed": "fast",
                  "pass": true,
                  "fail": false,
                  "pending": false,
                  "context": null,
                  "code": "cy.request({\n  method: 'GET',\n  url: 'https://qc-test.atmatech.id/api/me/',\n  headers: {\n    Authorization: `Bearer ${token}`\n  }\n}).then(response => {\n  expect(response.status).to.eq(200);\n  expect(response.body).to.have.property('_id');\n  expect(response.body).to.have.property('username');\n});",
                  "err": {},
                  "uuid": "0e517740-8bbf-4662-908a-30e65dbd6ec3",
                  "parentUUID": "074d0041-16cc-444f-916c-720585977995",
                  "isHook": false,
                  "skipped": false
                },
                {
                  "title": "Detail Profile | Negatif Case: Unauthorized access to Detail",
                  "fullTitle": "API Testing ATMATECH Me Endpoint Detail Profile | Negatif Case: Unauthorized access to Detail",
                  "timedOut": null,
                  "duration": 126,
                  "state": "passed",
                  "speed": "fast",
                  "pass": true,
                  "fail": false,
                  "pending": false,
                  "context": null,
                  "code": "cy.request({\n  method: 'GET',\n  url: 'https://qc-test.atmatech.id/api/me/',\n  headers: {\n    Authorization: 'Bearer invalidToken'\n  },\n  failOnStatusCode: false\n}).then(response => {\n  expect(response.status).to.eq(401);\n  expect(response.body).to.have.property('message', 'Unauthorized');\n});",
                  "err": {},
                  "uuid": "316ae12c-1f95-4888-8c07-4adcca8af9a5",
                  "parentUUID": "074d0041-16cc-444f-916c-720585977995",
                  "isHook": false,
                  "skipped": false
                },
                {
                  "title": "Edit Profil | Edit User Profile Successfully",
                  "fullTitle": "API Testing ATMATECH Me Endpoint Edit Profil | Edit User Profile Successfully",
                  "timedOut": null,
                  "duration": 274,
                  "state": "passed",
                  "speed": "fast",
                  "pass": true,
                  "fail": false,
                  "pending": false,
                  "context": null,
                  "code": "const newProfileData = new FormData();\nnewProfileData.append('email', \"superadmin1@mailinator.com\");\nnewProfileData.append('fullName', 'Super Admin');\ncy.request({\n  method: 'PUT',\n  url: 'https://qc-test.atmatech.id/api/me/',\n  headers: {\n    Authorization: `Bearer ${token}`,\n    'Content-Type': 'multipart/form-data'\n  },\n  body: newProfileData,\n  failOnStatusCode: false\n}).then(response => {\n  expect(response.status).to.eq(200);\n});",
                  "err": {},
                  "uuid": "d8b12484-0944-4c1e-9c96-d715b22c9e25",
                  "parentUUID": "074d0041-16cc-444f-916c-720585977995",
                  "isHook": false,
                  "skipped": false
                },
                {
                  "title": "Edit Profile | Negative Case: Unauthorized access token",
                  "fullTitle": "API Testing ATMATECH Me Endpoint Edit Profile | Negative Case: Unauthorized access token",
                  "timedOut": null,
                  "duration": 127,
                  "state": "passed",
                  "speed": "fast",
                  "pass": true,
                  "fail": false,
                  "pending": false,
                  "context": null,
                  "code": "const newProfileData = new FormData();\nnewProfileData.append('email', 'newemail@mailinator.com');\nnewProfileData.append('fullName', 'Admin Baru');\ncy.request({\n  method: 'PUT',\n  url: 'https://qc-test.atmatech.id/api/me/',\n  headers: {\n    Authorization: 'Bearer invalid_access_token',\n    'Content-Type': `multipart/form-data`\n  },\n  body: newProfileData,\n  failOnStatusCode: false\n}).then(response => {\n  expect(response.status).to.eq(401);\n  //expect(response.body).to.have.property('error')\n});",
                  "err": {},
                  "uuid": "18198ef6-880d-4b6e-a7c3-e12e3067dcda",
                  "parentUUID": "074d0041-16cc-444f-916c-720585977995",
                  "isHook": false,
                  "skipped": false
                }
              ],
              "suites": [],
              "passes": [
                "0e517740-8bbf-4662-908a-30e65dbd6ec3",
                "316ae12c-1f95-4888-8c07-4adcca8af9a5",
                "d8b12484-0944-4c1e-9c96-d715b22c9e25",
                "18198ef6-880d-4b6e-a7c3-e12e3067dcda"
              ],
              "failures": [],
              "pending": [],
              "skipped": [],
              "duration": 819,
              "root": false,
              "rootEmpty": false,
              "_timeout": 2000
            }
          ],
          "passes": [],
          "failures": [],
          "pending": [],
          "skipped": [],
          "duration": 0,
          "root": false,
          "rootEmpty": false,
          "_timeout": 2000
        }
      ],
      "passes": [],
      "failures": [],
      "pending": [],
      "skipped": [],
      "duration": 0,
      "root": true,
      "rootEmpty": true,
      "_timeout": 2000
    }
  ],
  "meta": {
    "mocha": {
      "version": "7.0.1"
    },
    "mochawesome": {
      "options": {
        "quiet": false,
        "reportFilename": "mochawesome",
        "saveHtml": true,
        "saveJson": true,
        "consoleReporter": "spec",
        "useInlineDiffs": false,
        "code": true
      },
      "version": "7.1.3"
    },
    "marge": {
      "options": {
        "id": "default",
        "reportDir": "cypress/mochawesome-report",
        "overwrite": false,
        "html": true,
        "json": true
      },
      "version": "6.2.0"
    }
  }
}