{
  "stats": {
    "suites": 2,
    "tests": 8,
    "passes": 8,
    "pending": 0,
    "failures": 0,
    "start": "2023-11-09T09:42:22.296Z",
    "end": "2023-11-09T09:42:39.079Z",
    "duration": 16783,
    "testsRegistered": 8,
    "passPercent": 100,
    "pendingPercent": 0,
    "other": 0,
    "hasOther": false,
    "skipped": 0,
    "hasSkipped": false
  },
  "results": [
    {
      "uuid": "fd28cb13-7734-466f-a2c7-2fcc921f83bf",
      "title": "",
      "fullFile": "cypress\\e2e\\2-advanced-examples\\connectors.cy.js",
      "file": "cypress\\e2e\\2-advanced-examples\\connectors.cy.js",
      "beforeHooks": [],
      "afterHooks": [],
      "tests": [],
      "suites": [
        {
          "uuid": "cc97ebc0-a48f-4f9c-a30a-2280fc27bb84",
          "title": "Connectors",
          "fullFile": "",
          "file": "",
          "beforeHooks": [],
          "afterHooks": [],
          "tests": [
            {
              "title": ".each() - iterate over an array of elements",
              "fullTitle": "Connectors .each() - iterate over an array of elements",
              "timedOut": null,
              "duration": 876,
              "state": "passed",
              "speed": "fast",
              "pass": true,
              "fail": false,
              "pending": false,
              "context": null,
              "code": "// https://on.cypress.io/each\ncy.get('.connectors-each-ul>li').each(($el, index, $list) => {\n  console.log($el, index, $list);\n});",
              "err": {},
              "uuid": "7d02b6a2-b80e-4fa2-822a-4ccfac4bb4b7",
              "parentUUID": "cc97ebc0-a48f-4f9c-a30a-2280fc27bb84",
              "isHook": false,
              "skipped": false
            },
            {
              "title": ".its() - get properties on the current subject",
              "fullTitle": "Connectors .its() - get properties on the current subject",
              "timedOut": null,
              "duration": 2913,
              "state": "passed",
              "speed": "fast",
              "pass": true,
              "fail": false,
              "pending": false,
              "context": null,
              "code": "// https://on.cypress.io/its\ncy.get('.connectors-its-ul>li')\n// calls the 'length' property yielding that value\n.its('length').should('be.gt', 2);",
              "err": {},
              "uuid": "b363c88a-6345-4aba-89b4-744a0e1281c0",
              "parentUUID": "cc97ebc0-a48f-4f9c-a30a-2280fc27bb84",
              "isHook": false,
              "skipped": false
            },
            {
              "title": ".invoke() - invoke a function on the current subject",
              "fullTitle": "Connectors .invoke() - invoke a function on the current subject",
              "timedOut": null,
              "duration": 2050,
              "state": "passed",
              "speed": "fast",
              "pass": true,
              "fail": false,
              "pending": false,
              "context": null,
              "code": "// our div is hidden in our script.js\n// $('.connectors-div').hide()\ncy.get('.connectors-div').should('be.hidden');\n// https://on.cypress.io/invoke\n// call the jquery method 'show' on the 'div.container'\ncy.get('.connectors-div').invoke('show');\ncy.get('.connectors-div').should('be.visible');",
              "err": {},
              "uuid": "aa17bfbf-7ced-4802-950e-f75ad00a312f",
              "parentUUID": "cc97ebc0-a48f-4f9c-a30a-2280fc27bb84",
              "isHook": false,
              "skipped": false
            },
            {
              "title": ".spread() - spread an array as individual args to callback function",
              "fullTitle": "Connectors .spread() - spread an array as individual args to callback function",
              "timedOut": null,
              "duration": 2053,
              "state": "passed",
              "speed": "fast",
              "pass": true,
              "fail": false,
              "pending": false,
              "context": null,
              "code": "// https://on.cypress.io/spread\nconst arr = ['foo', 'bar', 'baz'];\ncy.wrap(arr).spread((foo, bar, baz) => {\n  expect(foo).to.eq('foo');\n  expect(bar).to.eq('bar');\n  expect(baz).to.eq('baz');\n});",
              "err": {},
              "uuid": "20fcc5cc-106a-4938-b30c-d4eeae10591c",
              "parentUUID": "cc97ebc0-a48f-4f9c-a30a-2280fc27bb84",
              "isHook": false,
              "skipped": false
            }
          ],
          "suites": [
            {
              "uuid": "15d2e60b-d5f2-42a3-b2eb-312c0d9f2a4f",
              "title": ".then()",
              "fullFile": "",
              "file": "",
              "beforeHooks": [],
              "afterHooks": [],
              "tests": [
                {
                  "title": "invokes a callback function with the current subject",
                  "fullTitle": "Connectors .then() invokes a callback function with the current subject",
                  "timedOut": null,
                  "duration": 1990,
                  "state": "passed",
                  "speed": "fast",
                  "pass": true,
                  "fail": false,
                  "pending": false,
                  "context": null,
                  "code": "// https://on.cypress.io/then\ncy.get('.connectors-list > li').then($lis => {\n  expect($lis, '3 items').to.have.length(3);\n  expect($lis.eq(0), 'first item').to.contain('Walk the dog');\n  expect($lis.eq(1), 'second item').to.contain('Feed the cat');\n  expect($lis.eq(2), 'third item').to.contain('Write JavaScript');\n});",
                  "err": {},
                  "uuid": "c6fc524e-b7f9-49e5-b4dc-255e80d46051",
                  "parentUUID": "15d2e60b-d5f2-42a3-b2eb-312c0d9f2a4f",
                  "isHook": false,
                  "skipped": false
                },
                {
                  "title": "yields the returned value to the next command",
                  "fullTitle": "Connectors .then() yields the returned value to the next command",
                  "timedOut": null,
                  "duration": 1601,
                  "state": "passed",
                  "speed": "fast",
                  "pass": true,
                  "fail": false,
                  "pending": false,
                  "context": null,
                  "code": "cy.wrap(1).then(num => {\n  expect(num).to.equal(1);\n  return 2;\n}).then(num => {\n  expect(num).to.equal(2);\n});",
                  "err": {},
                  "uuid": "71bb5bf3-e0e1-486d-9ca4-52b918c20960",
                  "parentUUID": "15d2e60b-d5f2-42a3-b2eb-312c0d9f2a4f",
                  "isHook": false,
                  "skipped": false
                },
                {
                  "title": "yields the original subject without return",
                  "fullTitle": "Connectors .then() yields the original subject without return",
                  "timedOut": null,
                  "duration": 839,
                  "state": "passed",
                  "speed": "fast",
                  "pass": true,
                  "fail": false,
                  "pending": false,
                  "context": null,
                  "code": "cy.wrap(1).then(num => {\n  expect(num).to.equal(1);\n  // note that nothing is returned from this callback\n}).then(num => {\n  // this callback receives the original unchanged value 1\n  expect(num).to.equal(1);\n});",
                  "err": {},
                  "uuid": "6fc89e50-45e1-48c6-89e9-933196877466",
                  "parentUUID": "15d2e60b-d5f2-42a3-b2eb-312c0d9f2a4f",
                  "isHook": false,
                  "skipped": false
                },
                {
                  "title": "yields the value yielded by the last Cypress command inside",
                  "fullTitle": "Connectors .then() yields the value yielded by the last Cypress command inside",
                  "timedOut": null,
                  "duration": 1342,
                  "state": "passed",
                  "speed": "fast",
                  "pass": true,
                  "fail": false,
                  "pending": false,
                  "context": null,
                  "code": "cy.wrap(1).then(num => {\n  expect(num).to.equal(1);\n  // note how we run a Cypress command\n  // the result yielded by this Cypress command\n  // will be passed to the second \".then\"\n  cy.wrap(2);\n}).then(num => {\n  // this callback receives the value yielded by \"cy.wrap(2)\"\n  expect(num).to.equal(2);\n});",
                  "err": {},
                  "uuid": "7660f0d5-fc9e-4eba-bf90-242a8918c6a0",
                  "parentUUID": "15d2e60b-d5f2-42a3-b2eb-312c0d9f2a4f",
                  "isHook": false,
                  "skipped": false
                }
              ],
              "suites": [],
              "passes": [
                "c6fc524e-b7f9-49e5-b4dc-255e80d46051",
                "71bb5bf3-e0e1-486d-9ca4-52b918c20960",
                "6fc89e50-45e1-48c6-89e9-933196877466",
                "7660f0d5-fc9e-4eba-bf90-242a8918c6a0"
              ],
              "failures": [],
              "pending": [],
              "skipped": [],
              "duration": 5772,
              "root": false,
              "rootEmpty": false,
              "_timeout": 2000
            }
          ],
          "passes": [
            "7d02b6a2-b80e-4fa2-822a-4ccfac4bb4b7",
            "b363c88a-6345-4aba-89b4-744a0e1281c0",
            "aa17bfbf-7ced-4802-950e-f75ad00a312f",
            "20fcc5cc-106a-4938-b30c-d4eeae10591c"
          ],
          "failures": [],
          "pending": [],
          "skipped": [],
          "duration": 7892,
          "root": false,
          "rootEmpty": false,
          "_timeout": 2000
        }
      ],
      "passes": [],
      "failures": [],
      "pending": [],
      "skipped": [],
      "duration": 0,
      "root": true,
      "rootEmpty": true,
      "_timeout": 2000
    }
  ],
  "meta": {
    "mocha": {
      "version": "7.0.1"
    },
    "mochawesome": {
      "options": {
        "quiet": false,
        "reportFilename": "mochawesome",
        "saveHtml": true,
        "saveJson": true,
        "consoleReporter": "spec",
        "useInlineDiffs": false,
        "code": true
      },
      "version": "7.1.3"
    },
    "marge": {
      "options": {
        "id": "default",
        "reportDir": "cypress/mochawesome-report",
        "overwrite": false,
        "html": true,
        "json": true
      },
      "version": "6.2.0"
    }
  }
}