{
  "stats": {
    "suites": 4,
    "tests": 5,
    "passes": 4,
    "pending": 0,
    "failures": 1,
    "start": "2023-11-11T02:44:45.529Z",
    "end": "2023-11-11T02:44:48.605Z",
    "duration": 3076,
    "testsRegistered": 5,
    "passPercent": 80,
    "pendingPercent": 0,
    "other": 0,
    "hasOther": false,
    "skipped": 0,
    "hasSkipped": false
  },
  "results": [
    {
      "uuid": "3044e4dd-4501-4adc-984c-eb80eb509e45",
      "title": "",
      "fullFile": "cypress\\e2e\\api_test.cy.js",
      "file": "cypress\\e2e\\api_test.cy.js",
      "beforeHooks": [],
      "afterHooks": [],
      "tests": [],
      "suites": [
        {
          "uuid": "993ac40d-0923-479c-86ba-c46df74aeeb4",
          "title": "API Testing ATMATECH",
          "fullFile": "",
          "file": "",
          "beforeHooks": [],
          "afterHooks": [],
          "tests": [],
          "suites": [
            {
              "uuid": "99a7c066-1d65-4a3e-9220-5f5045c6c72e",
              "title": "Login Endpoint",
              "fullFile": "",
              "file": "",
              "beforeHooks": [],
              "afterHooks": [],
              "tests": [
                {
                  "title": "Positif Case: Login with valid credential",
                  "fullTitle": "API Testing ATMATECH Login Endpoint Positif Case: Login with valid credential",
                  "timedOut": null,
                  "duration": 679,
                  "state": "passed",
                  "speed": "fast",
                  "pass": true,
                  "fail": false,
                  "pending": false,
                  "context": null,
                  "code": "cy.request({\n  method: 'POST',\n  url: 'https://qc-test.atmatech.id/api/login',\n  body: {\n    username: validUsername,\n    password: validPassword\n  }\n}).then(response => {\n  expect(response.status).to.eq(200);\n  expect(response.body).to.have.property('accessToken');\n  token = response.body.accessToken;\n});",
                  "err": {},
                  "uuid": "fb6b8094-59a9-435a-be28-97f4bec30d96",
                  "parentUUID": "99a7c066-1d65-4a3e-9220-5f5045c6c72e",
                  "isHook": false,
                  "skipped": false
                },
                {
                  "title": "Negatif Case: Login with invalid credential",
                  "fullTitle": "API Testing ATMATECH Login Endpoint Negatif Case: Login with invalid credential",
                  "timedOut": null,
                  "duration": 291,
                  "state": "passed",
                  "speed": "fast",
                  "pass": true,
                  "fail": false,
                  "pending": false,
                  "context": null,
                  "code": "cy.request({\n  method: 'POST',\n  url: 'https://qc-test.atmatech.id/api/login',\n  body: {\n    username: invalidUsername,\n    password: invalidPassword\n  },\n  failOnStatusCode: false\n}).then(response => {\n  expect(response.status).to.eq(400);\n  expect(response.body).to.have.property('message', 'Nama pengguna atau kata sandi salah.');\n});",
                  "err": {},
                  "uuid": "8a24c791-2bd3-452d-9780-1e64bb0b3072",
                  "parentUUID": "99a7c066-1d65-4a3e-9220-5f5045c6c72e",
                  "isHook": false,
                  "skipped": false
                }
              ],
              "suites": [],
              "passes": [
                "fb6b8094-59a9-435a-be28-97f4bec30d96",
                "8a24c791-2bd3-452d-9780-1e64bb0b3072"
              ],
              "failures": [],
              "pending": [],
              "skipped": [],
              "duration": 970,
              "root": false,
              "rootEmpty": false,
              "_timeout": 2000
            },
            {
              "uuid": "6879da7c-28d1-4de9-b702-efedc3106167",
              "title": "User Detail Login",
              "fullFile": "",
              "file": "",
              "beforeHooks": [],
              "afterHooks": [],
              "tests": [
                {
                  "title": "User Detail | Positif Case: Get User Detail with valid access token",
                  "fullTitle": "API Testing ATMATECH User Detail Login User Detail | Positif Case: Get User Detail with valid access token",
                  "timedOut": null,
                  "duration": 158,
                  "state": "passed",
                  "speed": "fast",
                  "pass": true,
                  "fail": false,
                  "pending": false,
                  "context": null,
                  "code": "cy.request({\n  method: 'GET',\n  url: 'https://qc-test.atmatech.id/api/me/',\n  headers: {\n    Authorization: `Bearer ${token}`\n  }\n}).then(response => {\n  expect(response.status).to.eq(200);\n  expect(response.body).to.have.property('_id');\n  expect(response.body).to.have.property('username');\n});",
                  "err": {},
                  "uuid": "8a52a0db-80fc-4f7b-a56b-169a9deaf4aa",
                  "parentUUID": "6879da7c-28d1-4de9-b702-efedc3106167",
                  "isHook": false,
                  "skipped": false
                },
                {
                  "title": "User Detail Login | Negatif Case: Unauthorized access to Detail",
                  "fullTitle": "API Testing ATMATECH User Detail Login User Detail Login | Negatif Case: Unauthorized access to Detail",
                  "timedOut": null,
                  "duration": 113,
                  "state": "passed",
                  "speed": "fast",
                  "pass": true,
                  "fail": false,
                  "pending": false,
                  "context": null,
                  "code": "cy.request({\n  method: 'GET',\n  url: 'https://qc-test.atmatech.id/api/me/',\n  headers: {\n    Authorization: 'Bearer invalidToken'\n  },\n  failOnStatusCode: false\n}).then(response => {\n  expect(response.status).to.eq(401);\n  expect(response.body).to.have.property('message', 'Unauthorized');\n});",
                  "err": {},
                  "uuid": "eb382192-eba9-4b74-b031-da4de50898c8",
                  "parentUUID": "6879da7c-28d1-4de9-b702-efedc3106167",
                  "isHook": false,
                  "skipped": false
                }
              ],
              "suites": [],
              "passes": [
                "8a52a0db-80fc-4f7b-a56b-169a9deaf4aa",
                "eb382192-eba9-4b74-b031-da4de50898c8"
              ],
              "failures": [],
              "pending": [],
              "skipped": [],
              "duration": 271,
              "root": false,
              "rootEmpty": false,
              "_timeout": 2000
            },
            {
              "uuid": "b893db4b-6fa1-4f5a-b41f-d0a449b1876d",
              "title": "Users Endpoint",
              "fullFile": "",
              "file": "",
              "beforeHooks": [],
              "afterHooks": [],
              "tests": [
                {
                  "title": "Positif Case: Get data User based on criteria",
                  "fullTitle": "API Testing ATMATECH Users Endpoint Positif Case: Get data User based on criteria",
                  "timedOut": null,
                  "duration": 1210,
                  "state": "failed",
                  "speed": null,
                  "pass": false,
                  "fail": true,
                  "pending": false,
                  "context": null,
                  "code": "const validCriteria = {\n  q: 'username_or_fullName',\n  role: 'user',\n  page: 1,\n  limit: 10\n};\ncy.request({\n  method: 'GET',\n  url: 'https://qc-test.atmatech.id/user/',\n  headers: {\n    Authorization: `Bearer ${token}`\n  },\n  qs: validCriteria\n}).then(response => {\n  expect(response.status).to.eq(200);\n  expect(response.body).to.have.property('limit');\n  expect(response.body).to.have.property('page');\n  expect(response.body).to.have.property('pages');\n  expect(response.body).to.have.property('result');\n  expect(response.body).to.have.property('total');\n});",
                  "err": {
                    "message": "CypressError: `cy.request()` failed on:\n\nhttps://qc-test.atmatech.id/user/?q=username_or_fullName&role=user&page=1&limit=10\n\nThe response we received from your web server was:\n\n  > 404: Not Found\n\nThis was considered a failure because the status code was not `2xx` or `3xx`.\n\nIf you do not want status codes to cause failures pass the option: `failOnStatusCode: false`\n\n-----------------------------------------------------------\n\nThe request we sent was:\n\nMethod: GET\nURL: https://qc-test.atmatech.id/user/?q=username_or_fullName&role=user&page=1&limit=10\nHeaders: {\n  \"Connection\": \"keep-alive\",\n  \"Authorization\": \"Bearer eyJhbGciOiJIUzI1NiIsInR5cCI6IkpXVCJ9.eyJleHAiOjE2OTk2NzI0ODgsImlkIjoiNjRlYzY3Nzc2NmFlMGZhMDBkZDY4NjkzIiwicm9sZSI6InN1cGVyYWRtaW4ifQ.qwPAu8KPJToEYXHfAmisPl6Fqp7KsUwNNW2OhrVfxoo\",\n  \"user-agent\": \"Mozilla/5.0 (Windows NT 10.0; Win64; x64) AppleWebKit/537.36 (KHTML, like Gecko) Cypress/13.5.0 Chrome/114.0.5735.289 Electron/25.8.4 Safari/537.36\",\n  \"accept\": \"*/*\",\n  \"accept-encoding\": \"gzip, deflate\"\n}\n\n-----------------------------------------------------------\n\nThe response we got was:\n\nStatus: 404 - Not Found\nHeaders: {\n  \"date\": \"Sat, 11 Nov 2023 02:44:49 GMT\",\n  \"content-type\": \"application/json; charset=UTF-8\",\n  \"content-length\": \"24\",\n  \"connection\": \"keep-alive\",\n  \"vary\": \"Origin\",\n  \"cf-cache-status\": \"DYNAMIC\",\n  \"report-to\": \"{\\\"endpoints\\\":[{\\\"url\\\":\\\"https:\\\\/\\\\/a.nel.cloudflare.com\\\\/report\\\\/v3?s=MxTkv4ME%2FsRsNvpqDApw0OaXXtl2PIvNeFydrIR68%2FpYxFL12VQuKiwEs9KvGQ5O%2BXePgeHBwKfDsxJw37S%2BCzRIsi3Tava2gqQteFFYd4xrx3Eh5YzM71vDcP2DOP%2FtRQ3ShUKc\\\"}],\\\"group\\\":\\\"cf-nel\\\",\\\"max_age\\\":604800}\",\n  \"nel\": \"{\\\"success_fraction\\\":0,\\\"report_to\\\":\\\"cf-nel\\\",\\\"max_age\\\":604800}\",\n  \"server\": \"cloudflare\",\n  \"cf-ray\": \"8243320fca03354a-CGK\",\n  \"alt-svc\": \"h3=\\\":443\\\"; ma=86400\"\n}\nBody: {\n  \"message\": \"Not Found\"\n}\n\n\nhttps://on.cypress.io/request",
                    "estack": "CypressError: `cy.request()` failed on:\n\nhttps://qc-test.atmatech.id/user/?q=username_or_fullName&role=user&page=1&limit=10\n\nThe response we received from your web server was:\n\n  > 404: Not Found\n\nThis was considered a failure because the status code was not `2xx` or `3xx`.\n\nIf you do not want status codes to cause failures pass the option: `failOnStatusCode: false`\n\n-----------------------------------------------------------\n\nThe request we sent was:\n\nMethod: GET\nURL: https://qc-test.atmatech.id/user/?q=username_or_fullName&role=user&page=1&limit=10\nHeaders: {\n  \"Connection\": \"keep-alive\",\n  \"Authorization\": \"Bearer eyJhbGciOiJIUzI1NiIsInR5cCI6IkpXVCJ9.eyJleHAiOjE2OTk2NzI0ODgsImlkIjoiNjRlYzY3Nzc2NmFlMGZhMDBkZDY4NjkzIiwicm9sZSI6InN1cGVyYWRtaW4ifQ.qwPAu8KPJToEYXHfAmisPl6Fqp7KsUwNNW2OhrVfxoo\",\n  \"user-agent\": \"Mozilla/5.0 (Windows NT 10.0; Win64; x64) AppleWebKit/537.36 (KHTML, like Gecko) Cypress/13.5.0 Chrome/114.0.5735.289 Electron/25.8.4 Safari/537.36\",\n  \"accept\": \"*/*\",\n  \"accept-encoding\": \"gzip, deflate\"\n}\n\n-----------------------------------------------------------\n\nThe response we got was:\n\nStatus: 404 - Not Found\nHeaders: {\n  \"date\": \"Sat, 11 Nov 2023 02:44:49 GMT\",\n  \"content-type\": \"application/json; charset=UTF-8\",\n  \"content-length\": \"24\",\n  \"connection\": \"keep-alive\",\n  \"vary\": \"Origin\",\n  \"cf-cache-status\": \"DYNAMIC\",\n  \"report-to\": \"{\\\"endpoints\\\":[{\\\"url\\\":\\\"https:\\\\/\\\\/a.nel.cloudflare.com\\\\/report\\\\/v3?s=MxTkv4ME%2FsRsNvpqDApw0OaXXtl2PIvNeFydrIR68%2FpYxFL12VQuKiwEs9KvGQ5O%2BXePgeHBwKfDsxJw37S%2BCzRIsi3Tava2gqQteFFYd4xrx3Eh5YzM71vDcP2DOP%2FtRQ3ShUKc\\\"}],\\\"group\\\":\\\"cf-nel\\\",\\\"max_age\\\":604800}\",\n  \"nel\": \"{\\\"success_fraction\\\":0,\\\"report_to\\\":\\\"cf-nel\\\",\\\"max_age\\\":604800}\",\n  \"server\": \"cloudflare\",\n  \"cf-ray\": \"8243320fca03354a-CGK\",\n  \"alt-svc\": \"h3=\\\":443\\\"; ma=86400\"\n}\nBody: {\n  \"message\": \"Not Found\"\n}\n\n\nhttps://on.cypress.io/request\n    at <unknown> (https://qc-test.atmatech.id/__cypress/runner/cypress_runner.js:133362:72)\n    at tryCatcher (https://qc-test.atmatech.id/__cypress/runner/cypress_runner.js:1807:23)\n    at Promise._settlePromiseFromHandler (https://qc-test.atmatech.id/__cypress/runner/cypress_runner.js:1519:31)\n    at Promise._settlePromise (https://qc-test.atmatech.id/__cypress/runner/cypress_runner.js:1576:18)\n    at Promise._settlePromise0 (https://qc-test.atmatech.id/__cypress/runner/cypress_runner.js:1621:10)\n    at Promise._settlePromises (https://qc-test.atmatech.id/__cypress/runner/cypress_runner.js:1701:18)\n    at _drainQueueStep (https://qc-test.atmatech.id/__cypress/runner/cypress_runner.js:2407:12)\n    at _drainQueue (https://qc-test.atmatech.id/__cypress/runner/cypress_runner.js:2400:9)\n    at Async._drainQueues (https://qc-test.atmatech.id/__cypress/runner/cypress_runner.js:2416:5)\n    at Async.drainQueues (https://qc-test.atmatech.id/__cypress/runner/cypress_runner.js:2286:14)\nFrom Your Spec Code:\n    at Context.eval (webpack:///./cypress/e2e/api_test.cy.js:125:15)",
                    "diff": null
                  },
                  "uuid": "c817815a-f1b1-4972-8f54-9aae2d0f75c0",
                  "parentUUID": "b893db4b-6fa1-4f5a-b41f-d0a449b1876d",
                  "isHook": false,
                  "skipped": false
                }
              ],
              "suites": [],
              "passes": [],
              "failures": [
                "c817815a-f1b1-4972-8f54-9aae2d0f75c0"
              ],
              "pending": [],
              "skipped": [],
              "duration": 1210,
              "root": false,
              "rootEmpty": false,
              "_timeout": 2000
            }
          ],
          "passes": [],
          "failures": [],
          "pending": [],
          "skipped": [],
          "duration": 0,
          "root": false,
          "rootEmpty": false,
          "_timeout": 2000
        }
      ],
      "passes": [],
      "failures": [],
      "pending": [],
      "skipped": [],
      "duration": 0,
      "root": true,
      "rootEmpty": true,
      "_timeout": 2000
    }
  ],
  "meta": {
    "mocha": {
      "version": "7.0.1"
    },
    "mochawesome": {
      "options": {
        "quiet": false,
        "reportFilename": "mochawesome",
        "saveHtml": true,
        "saveJson": true,
        "consoleReporter": "spec",
        "useInlineDiffs": false,
        "code": true
      },
      "version": "7.1.3"
    },
    "marge": {
      "options": {
        "id": "default",
        "reportDir": "cypress/mochawesome-report",
        "overwrite": false,
        "html": true,
        "json": true
      },
      "version": "6.2.0"
    }
  }
}