{
  "stats": {
    "suites": 4,
    "tests": 6,
    "passes": 3,
    "pending": 0,
    "failures": 3,
    "start": "2023-11-11T03:58:38.367Z",
    "end": "2023-11-11T03:58:41.578Z",
    "duration": 3211,
    "testsRegistered": 6,
    "passPercent": 50,
    "pendingPercent": 0,
    "other": 0,
    "hasOther": false,
    "skipped": 0,
    "hasSkipped": false
  },
  "results": [
    {
      "uuid": "3a1c19b8-c5e3-488f-b5fb-551733fd28a6",
      "title": "",
      "fullFile": "cypress\\e2e\\api_test.cy.js",
      "file": "cypress\\e2e\\api_test.cy.js",
      "beforeHooks": [],
      "afterHooks": [],
      "tests": [],
      "suites": [
        {
          "uuid": "1baf175e-bae0-4bc2-9410-0cb09ae7db5e",
          "title": "API Testing ATMATECH",
          "fullFile": "",
          "file": "",
          "beforeHooks": [],
          "afterHooks": [],
          "tests": [],
          "suites": [
            {
              "uuid": "cea7303f-56f6-4ad0-bd9a-0b09e1d69fdb",
              "title": "Login Endpoint",
              "fullFile": "",
              "file": "",
              "beforeHooks": [],
              "afterHooks": [],
              "tests": [
                {
                  "title": "Negatif Case: Login with invalid credential",
                  "fullTitle": "API Testing ATMATECH Login Endpoint Negatif Case: Login with invalid credential",
                  "timedOut": null,
                  "duration": 337,
                  "state": "passed",
                  "speed": "fast",
                  "pass": true,
                  "fail": false,
                  "pending": false,
                  "context": null,
                  "code": "cy.request({\n  method: 'POST',\n  url: 'https://qc-test.atmatech.id/api/login',\n  body: {\n    username: invalidUsername,\n    password: invalidPassword\n  },\n  failOnStatusCode: false\n}).then(response => {\n  expect(response.status).to.eq(400);\n  expect(response.body).to.have.property('message', 'Nama pengguna atau kata sandi salah.');\n});",
                  "err": {},
                  "uuid": "b6628a1b-eef3-4432-b0ad-cecdbaa84a6f",
                  "parentUUID": "cea7303f-56f6-4ad0-bd9a-0b09e1d69fdb",
                  "isHook": false,
                  "skipped": false
                }
              ],
              "suites": [],
              "passes": [
                "b6628a1b-eef3-4432-b0ad-cecdbaa84a6f"
              ],
              "failures": [],
              "pending": [],
              "skipped": [],
              "duration": 337,
              "root": false,
              "rootEmpty": false,
              "_timeout": 2000
            },
            {
              "uuid": "9c3212a2-64ff-416f-87c2-f5b404763e7d",
              "title": "User Detail Login",
              "fullFile": "",
              "file": "",
              "beforeHooks": [],
              "afterHooks": [],
              "tests": [
                {
                  "title": "Positif Case: Get User Detail with valid access token",
                  "fullTitle": "API Testing ATMATECH User Detail Login Positif Case: Get User Detail with valid access token",
                  "timedOut": null,
                  "duration": 649,
                  "state": "failed",
                  "speed": null,
                  "pass": false,
                  "fail": true,
                  "pending": false,
                  "context": null,
                  "code": "cy.request({\n  method: 'GET',\n  url: 'https://qc-test.atmatech.id/api/me/',\n  headers: {\n    Authorization: `Bearer ${token}`\n  }\n}).then(response => {\n  expect(response.status).to.eq(200);\n  expect(response.body).to.have.property('_id');\n  expect(response.body).to.have.property('username');\n});",
                  "err": {
                    "message": "CypressError: `cy.request()` failed on:\n\nhttps://qc-test.atmatech.id/api/me/\n\nThe response we received from your web server was:\n\n  > 401: Unauthorized\n\nThis was considered a failure because the status code was not `2xx` or `3xx`.\n\nIf you do not want status codes to cause failures pass the option: `failOnStatusCode: false`\n\n-----------------------------------------------------------\n\nThe request we sent was:\n\nMethod: GET\nURL: https://qc-test.atmatech.id/api/me/\nHeaders: {\n  \"Connection\": \"keep-alive\",\n  \"Authorization\": \"Bearer undefined\",\n  \"user-agent\": \"Mozilla/5.0 (Windows NT 10.0; Win64; x64) AppleWebKit/537.36 (KHTML, like Gecko) Cypress/13.5.0 Chrome/114.0.5735.289 Electron/25.8.4 Safari/537.36\",\n  \"accept\": \"*/*\",\n  \"accept-encoding\": \"gzip, deflate\"\n}\n\n-----------------------------------------------------------\n\nThe response we got was:\n\nStatus: 401 - Unauthorized\nHeaders: {\n  \"date\": \"Sat, 11 Nov 2023 03:58:41 GMT\",\n  \"content-type\": \"application/json; charset=UTF-8\",\n  \"content-length\": \"27\",\n  \"connection\": \"keep-alive\",\n  \"vary\": \"Origin\",\n  \"cf-cache-status\": \"DYNAMIC\",\n  \"report-to\": \"{\\\"endpoints\\\":[{\\\"url\\\":\\\"https:\\\\/\\\\/a.nel.cloudflare.com\\\\/report\\\\/v3?s=QonasoSEG%2FcY4BnXnayYpEGNwG6wkbVNxOSWP13Dzs5FbCAMRdOclo46nFnx1Fw1WSgXZPQR06aQlGEVzwTwQzH6014iysbhxb%2FqMlzgdgloo6vFotPG43tsWv1o1C7e8oL4jf4Y\\\"}],\\\"group\\\":\\\"cf-nel\\\",\\\"max_age\\\":604800}\",\n  \"nel\": \"{\\\"success_fraction\\\":0,\\\"report_to\\\":\\\"cf-nel\\\",\\\"max_age\\\":604800}\",\n  \"server\": \"cloudflare\",\n  \"cf-ray\": \"82439e423ef3354f-CGK\",\n  \"alt-svc\": \"h3=\\\":443\\\"; ma=86400\"\n}\nBody: {\n  \"message\": \"Unauthorized\"\n}\n\n\nhttps://on.cypress.io/request",
                    "estack": "CypressError: `cy.request()` failed on:\n\nhttps://qc-test.atmatech.id/api/me/\n\nThe response we received from your web server was:\n\n  > 401: Unauthorized\n\nThis was considered a failure because the status code was not `2xx` or `3xx`.\n\nIf you do not want status codes to cause failures pass the option: `failOnStatusCode: false`\n\n-----------------------------------------------------------\n\nThe request we sent was:\n\nMethod: GET\nURL: https://qc-test.atmatech.id/api/me/\nHeaders: {\n  \"Connection\": \"keep-alive\",\n  \"Authorization\": \"Bearer undefined\",\n  \"user-agent\": \"Mozilla/5.0 (Windows NT 10.0; Win64; x64) AppleWebKit/537.36 (KHTML, like Gecko) Cypress/13.5.0 Chrome/114.0.5735.289 Electron/25.8.4 Safari/537.36\",\n  \"accept\": \"*/*\",\n  \"accept-encoding\": \"gzip, deflate\"\n}\n\n-----------------------------------------------------------\n\nThe response we got was:\n\nStatus: 401 - Unauthorized\nHeaders: {\n  \"date\": \"Sat, 11 Nov 2023 03:58:41 GMT\",\n  \"content-type\": \"application/json; charset=UTF-8\",\n  \"content-length\": \"27\",\n  \"connection\": \"keep-alive\",\n  \"vary\": \"Origin\",\n  \"cf-cache-status\": \"DYNAMIC\",\n  \"report-to\": \"{\\\"endpoints\\\":[{\\\"url\\\":\\\"https:\\\\/\\\\/a.nel.cloudflare.com\\\\/report\\\\/v3?s=QonasoSEG%2FcY4BnXnayYpEGNwG6wkbVNxOSWP13Dzs5FbCAMRdOclo46nFnx1Fw1WSgXZPQR06aQlGEVzwTwQzH6014iysbhxb%2FqMlzgdgloo6vFotPG43tsWv1o1C7e8oL4jf4Y\\\"}],\\\"group\\\":\\\"cf-nel\\\",\\\"max_age\\\":604800}\",\n  \"nel\": \"{\\\"success_fraction\\\":0,\\\"report_to\\\":\\\"cf-nel\\\",\\\"max_age\\\":604800}\",\n  \"server\": \"cloudflare\",\n  \"cf-ray\": \"82439e423ef3354f-CGK\",\n  \"alt-svc\": \"h3=\\\":443\\\"; ma=86400\"\n}\nBody: {\n  \"message\": \"Unauthorized\"\n}\n\n\nhttps://on.cypress.io/request\n    at <unknown> (https://qc-test.atmatech.id/__cypress/runner/cypress_runner.js:133362:72)\n    at tryCatcher (https://qc-test.atmatech.id/__cypress/runner/cypress_runner.js:1807:23)\n    at Promise._settlePromiseFromHandler (https://qc-test.atmatech.id/__cypress/runner/cypress_runner.js:1519:31)\n    at Promise._settlePromise (https://qc-test.atmatech.id/__cypress/runner/cypress_runner.js:1576:18)\n    at Promise._settlePromise0 (https://qc-test.atmatech.id/__cypress/runner/cypress_runner.js:1621:10)\n    at Promise._settlePromises (https://qc-test.atmatech.id/__cypress/runner/cypress_runner.js:1701:18)\n    at _drainQueueStep (https://qc-test.atmatech.id/__cypress/runner/cypress_runner.js:2407:12)\n    at _drainQueue (https://qc-test.atmatech.id/__cypress/runner/cypress_runner.js:2400:9)\n    at Async._drainQueues (https://qc-test.atmatech.id/__cypress/runner/cypress_runner.js:2416:5)\n    at Async.drainQueues (https://qc-test.atmatech.id/__cypress/runner/cypress_runner.js:2286:14)\nFrom Your Spec Code:\n    at Context.eval (webpack:///./cypress/e2e/api_test.cy.js:48:15)",
                    "diff": null
                  },
                  "uuid": "99dd694b-aeed-489d-8fb0-74948d8b4421",
                  "parentUUID": "9c3212a2-64ff-416f-87c2-f5b404763e7d",
                  "isHook": false,
                  "skipped": false
                },
                {
                  "title": "Negative Case: Access API User detail without token",
                  "fullTitle": "API Testing ATMATECH User Detail Login Negative Case: Access API User detail without token",
                  "timedOut": null,
                  "duration": 154,
                  "state": "passed",
                  "speed": "fast",
                  "pass": true,
                  "fail": false,
                  "pending": false,
                  "context": null,
                  "code": "cy.request({\n  method: 'GET',\n  url: `${api_baseURL}/me`,\n  failOnStatusCode: false\n}).then(response => {\n  expect(response.status).to.eq(401);\n  expect(response.body).to.have.property('message', 'Unauthorized');\n});",
                  "err": {},
                  "uuid": "fc63c598-7a63-4f1d-b387-06486041dec6",
                  "parentUUID": "9c3212a2-64ff-416f-87c2-f5b404763e7d",
                  "isHook": false,
                  "skipped": false
                },
                {
                  "title": "Negatif Case: Unauthorized access to Detail",
                  "fullTitle": "API Testing ATMATECH User Detail Login Negatif Case: Unauthorized access to Detail",
                  "timedOut": null,
                  "duration": 174,
                  "state": "passed",
                  "speed": "fast",
                  "pass": true,
                  "fail": false,
                  "pending": false,
                  "context": null,
                  "code": "cy.request({\n  method: 'GET',\n  url: 'https://qc-test.atmatech.id/api/me/',\n  headers: {\n    Authorization: 'Bearer invalidToken'\n  },\n  failOnStatusCode: false\n}).then(response => {\n  expect(response.status).to.eq(401);\n  expect(response.body).to.have.property('message', 'Unauthorized');\n});",
                  "err": {},
                  "uuid": "c1aed9b5-5d39-468e-911a-7867bc37fab1",
                  "parentUUID": "9c3212a2-64ff-416f-87c2-f5b404763e7d",
                  "isHook": false,
                  "skipped": false
                }
              ],
              "suites": [],
              "passes": [
                "fc63c598-7a63-4f1d-b387-06486041dec6",
                "c1aed9b5-5d39-468e-911a-7867bc37fab1"
              ],
              "failures": [
                "99dd694b-aeed-489d-8fb0-74948d8b4421"
              ],
              "pending": [],
              "skipped": [],
              "duration": 977,
              "root": false,
              "rootEmpty": false,
              "_timeout": 2000
            },
            {
              "uuid": "3e88f696-33f7-4060-84a9-8f7c0f505a27",
              "title": "Users Endpoint",
              "fullFile": "",
              "file": "",
              "beforeHooks": [],
              "afterHooks": [],
              "tests": [
                {
                  "title": "Positive Case: Get data User based on criteria",
                  "fullTitle": "API Testing ATMATECH Users Endpoint Positive Case: Get data User based on criteria",
                  "timedOut": null,
                  "duration": 631,
                  "state": "failed",
                  "speed": null,
                  "pass": false,
                  "fail": true,
                  "pending": false,
                  "context": null,
                  "code": "const validCriteria = {\n  q: '',\n  role: 'user',\n  page: 1,\n  limit: 10\n};\ncy.request({\n  method: 'GET',\n  url: 'https://qc-test.atmatech.id/api/user/',\n  headers: {\n    Authorization: `Bearer ${token}`\n  },\n  qs: validCriteria\n}).then(response => {\n  expect(response.status).to.eq(200);\n  expect(response.body).to.have.property('limit');\n  expect(response.body).to.have.property('page');\n  expect(response.body).to.have.property('pages');\n  expect(response.body).to.have.property('result');\n  expect(response.body).to.have.property('total');\n});",
                  "err": {
                    "message": "CypressError: `cy.request()` failed on:\n\nhttps://qc-test.atmatech.id/api/user/?q=&role=user&page=1&limit=10\n\nThe response we received from your web server was:\n\n  > 401: Unauthorized\n\nThis was considered a failure because the status code was not `2xx` or `3xx`.\n\nIf you do not want status codes to cause failures pass the option: `failOnStatusCode: false`\n\n-----------------------------------------------------------\n\nThe request we sent was:\n\nMethod: GET\nURL: https://qc-test.atmatech.id/api/user/?q=&role=user&page=1&limit=10\nHeaders: {\n  \"Connection\": \"keep-alive\",\n  \"Authorization\": \"Bearer undefined\",\n  \"user-agent\": \"Mozilla/5.0 (Windows NT 10.0; Win64; x64) AppleWebKit/537.36 (KHTML, like Gecko) Cypress/13.5.0 Chrome/114.0.5735.289 Electron/25.8.4 Safari/537.36\",\n  \"accept\": \"*/*\",\n  \"accept-encoding\": \"gzip, deflate\"\n}\n\n-----------------------------------------------------------\n\nThe response we got was:\n\nStatus: 401 - Unauthorized\nHeaders: {\n  \"date\": \"Sat, 11 Nov 2023 03:58:42 GMT\",\n  \"content-type\": \"application/json; charset=UTF-8\",\n  \"content-length\": \"27\",\n  \"connection\": \"keep-alive\",\n  \"vary\": \"Origin\",\n  \"cf-cache-status\": \"DYNAMIC\",\n  \"report-to\": \"{\\\"endpoints\\\":[{\\\"url\\\":\\\"https:\\\\/\\\\/a.nel.cloudflare.com\\\\/report\\\\/v3?s=ZM9VDRVnB8uUkgySU8RFRElbYB%2FulP7hSssLAo%2B%2BrjfxHBvDUT%2B5l1X7yAyaZ4RXRfy86wo5BegGU5NlYoVuW55ysAbiXK7F49j7SLcGljexBdGGRRBSjZthcGu8hU9boowio3VW\\\"}],\\\"group\\\":\\\"cf-nel\\\",\\\"max_age\\\":604800}\",\n  \"nel\": \"{\\\"success_fraction\\\":0,\\\"report_to\\\":\\\"cf-nel\\\",\\\"max_age\\\":604800}\",\n  \"server\": \"cloudflare\",\n  \"cf-ray\": \"82439e4c1d0c354f-CGK\",\n  \"alt-svc\": \"h3=\\\":443\\\"; ma=86400\"\n}\nBody: {\n  \"message\": \"Unauthorized\"\n}\n\n\nhttps://on.cypress.io/request",
                    "estack": "CypressError: `cy.request()` failed on:\n\nhttps://qc-test.atmatech.id/api/user/?q=&role=user&page=1&limit=10\n\nThe response we received from your web server was:\n\n  > 401: Unauthorized\n\nThis was considered a failure because the status code was not `2xx` or `3xx`.\n\nIf you do not want status codes to cause failures pass the option: `failOnStatusCode: false`\n\n-----------------------------------------------------------\n\nThe request we sent was:\n\nMethod: GET\nURL: https://qc-test.atmatech.id/api/user/?q=&role=user&page=1&limit=10\nHeaders: {\n  \"Connection\": \"keep-alive\",\n  \"Authorization\": \"Bearer undefined\",\n  \"user-agent\": \"Mozilla/5.0 (Windows NT 10.0; Win64; x64) AppleWebKit/537.36 (KHTML, like Gecko) Cypress/13.5.0 Chrome/114.0.5735.289 Electron/25.8.4 Safari/537.36\",\n  \"accept\": \"*/*\",\n  \"accept-encoding\": \"gzip, deflate\"\n}\n\n-----------------------------------------------------------\n\nThe response we got was:\n\nStatus: 401 - Unauthorized\nHeaders: {\n  \"date\": \"Sat, 11 Nov 2023 03:58:42 GMT\",\n  \"content-type\": \"application/json; charset=UTF-8\",\n  \"content-length\": \"27\",\n  \"connection\": \"keep-alive\",\n  \"vary\": \"Origin\",\n  \"cf-cache-status\": \"DYNAMIC\",\n  \"report-to\": \"{\\\"endpoints\\\":[{\\\"url\\\":\\\"https:\\\\/\\\\/a.nel.cloudflare.com\\\\/report\\\\/v3?s=ZM9VDRVnB8uUkgySU8RFRElbYB%2FulP7hSssLAo%2B%2BrjfxHBvDUT%2B5l1X7yAyaZ4RXRfy86wo5BegGU5NlYoVuW55ysAbiXK7F49j7SLcGljexBdGGRRBSjZthcGu8hU9boowio3VW\\\"}],\\\"group\\\":\\\"cf-nel\\\",\\\"max_age\\\":604800}\",\n  \"nel\": \"{\\\"success_fraction\\\":0,\\\"report_to\\\":\\\"cf-nel\\\",\\\"max_age\\\":604800}\",\n  \"server\": \"cloudflare\",\n  \"cf-ray\": \"82439e4c1d0c354f-CGK\",\n  \"alt-svc\": \"h3=\\\":443\\\"; ma=86400\"\n}\nBody: {\n  \"message\": \"Unauthorized\"\n}\n\n\nhttps://on.cypress.io/request\n    at <unknown> (https://qc-test.atmatech.id/__cypress/runner/cypress_runner.js:133362:72)\n    at tryCatcher (https://qc-test.atmatech.id/__cypress/runner/cypress_runner.js:1807:23)\n    at Promise._settlePromiseFromHandler (https://qc-test.atmatech.id/__cypress/runner/cypress_runner.js:1519:31)\n    at Promise._settlePromise (https://qc-test.atmatech.id/__cypress/runner/cypress_runner.js:1576:18)\n    at Promise._settlePromise0 (https://qc-test.atmatech.id/__cypress/runner/cypress_runner.js:1621:10)\n    at Promise._settlePromises (https://qc-test.atmatech.id/__cypress/runner/cypress_runner.js:1701:18)\n    at _drainQueueStep (https://qc-test.atmatech.id/__cypress/runner/cypress_runner.js:2407:12)\n    at _drainQueue (https://qc-test.atmatech.id/__cypress/runner/cypress_runner.js:2400:9)\n    at Async._drainQueues (https://qc-test.atmatech.id/__cypress/runner/cypress_runner.js:2416:5)\n    at Async.drainQueues (https://qc-test.atmatech.id/__cypress/runner/cypress_runner.js:2286:14)\nFrom Your Spec Code:\n    at Context.eval (webpack:///./cypress/e2e/api_test.cy.js:138:15)",
                    "diff": null
                  },
                  "uuid": "2eea58bd-3c29-4681-a9e1-593649e0d2c7",
                  "parentUUID": "3e88f696-33f7-4060-84a9-8f7c0f505a27",
                  "isHook": false,
                  "skipped": false
                },
                {
                  "title": "Negative Case: Access API user list without token",
                  "fullTitle": "API Testing ATMATECH Users Endpoint Negative Case: Access API user list without token",
                  "timedOut": null,
                  "duration": 510,
                  "state": "failed",
                  "speed": null,
                  "pass": false,
                  "fail": true,
                  "pending": false,
                  "context": null,
                  "code": "cy.request({\n  method: 'GET',\n  url: `${api_baseURL}/users`,\n  failOnStatusCode: false\n}).then(response => {\n  expect(response.status).to.eq(401);\n});",
                  "err": {
                    "message": "AssertionError: expected 404 to equal 401",
                    "estack": "AssertionError: expected 404 to equal 401\n    at Context.eval (webpack:///./cypress/e2e/api_test.cy.js:163:43)",
                    "diff": "- 404\n+ 401\n"
                  },
                  "uuid": "12c233b3-f643-4a83-8d03-dc457099329a",
                  "parentUUID": "3e88f696-33f7-4060-84a9-8f7c0f505a27",
                  "isHook": false,
                  "skipped": false
                }
              ],
              "suites": [],
              "passes": [],
              "failures": [
                "2eea58bd-3c29-4681-a9e1-593649e0d2c7",
                "12c233b3-f643-4a83-8d03-dc457099329a"
              ],
              "pending": [],
              "skipped": [],
              "duration": 1141,
              "root": false,
              "rootEmpty": false,
              "_timeout": 2000
            }
          ],
          "passes": [],
          "failures": [],
          "pending": [],
          "skipped": [],
          "duration": 0,
          "root": false,
          "rootEmpty": false,
          "_timeout": 2000
        }
      ],
      "passes": [],
      "failures": [],
      "pending": [],
      "skipped": [],
      "duration": 0,
      "root": true,
      "rootEmpty": true,
      "_timeout": 2000
    }
  ],
  "meta": {
    "mocha": {
      "version": "7.0.1"
    },
    "mochawesome": {
      "options": {
        "quiet": false,
        "reportFilename": "mochawesome",
        "saveHtml": true,
        "saveJson": true,
        "consoleReporter": "spec",
        "useInlineDiffs": false,
        "code": true
      },
      "version": "7.1.3"
    },
    "marge": {
      "options": {
        "id": "default",
        "reportDir": "cypress/mochawesome-report",
        "overwrite": false,
        "html": true,
        "json": true
      },
      "version": "6.2.0"
    }
  }
}