{
  "stats": {
    "suites": 3,
    "tests": 5,
    "passes": 4,
    "pending": 0,
    "failures": 1,
    "start": "2023-11-10T08:42:43.153Z",
    "end": "2023-11-10T08:42:45.177Z",
    "duration": 2024,
    "testsRegistered": 5,
    "passPercent": 80,
    "pendingPercent": 0,
    "other": 0,
    "hasOther": false,
    "skipped": 0,
    "hasSkipped": false
  },
  "results": [
    {
      "uuid": "5637bc5b-f4ad-4b77-8569-d8ab12a6cf26",
      "title": "",
      "fullFile": "cypress\\e2e\\api_test.cy.js",
      "file": "cypress\\e2e\\api_test.cy.js",
      "beforeHooks": [],
      "afterHooks": [],
      "tests": [],
      "suites": [
        {
          "uuid": "771d41da-8985-4ef8-848b-24811585826a",
          "title": "API Testing ATMATECH",
          "fullFile": "",
          "file": "",
          "beforeHooks": [],
          "afterHooks": [],
          "tests": [],
          "suites": [
            {
              "uuid": "9dd548c3-6bad-4e4c-9a61-a5c7d08c7c88",
              "title": "Login Endpoint",
              "fullFile": "",
              "file": "",
              "beforeHooks": [],
              "afterHooks": [],
              "tests": [
                {
                  "title": "Positif Case: Login with valid credential",
                  "fullTitle": "API Testing ATMATECH Login Endpoint Positif Case: Login with valid credential",
                  "timedOut": null,
                  "duration": 486,
                  "state": "passed",
                  "speed": "fast",
                  "pass": true,
                  "fail": false,
                  "pending": false,
                  "context": null,
                  "code": "cy.request({\n  method: 'POST',\n  url: 'https://qc-test.atmatech.id/api/login',\n  body: {\n    username: validUsername,\n    password: validPassword\n  }\n}).then(response => {\n  expect(response.status).to.eq(200);\n  expect(response.body).to.have.property('accessToken');\n  token = response.body.accessToken;\n});",
                  "err": {},
                  "uuid": "6fd1cb9b-0a59-4c48-b388-46a3f515d9d2",
                  "parentUUID": "9dd548c3-6bad-4e4c-9a61-a5c7d08c7c88",
                  "isHook": false,
                  "skipped": false
                },
                {
                  "title": "Negatif Case: Login with invalid credential",
                  "fullTitle": "API Testing ATMATECH Login Endpoint Negatif Case: Login with invalid credential",
                  "timedOut": null,
                  "duration": 139,
                  "state": "passed",
                  "speed": "fast",
                  "pass": true,
                  "fail": false,
                  "pending": false,
                  "context": null,
                  "code": "cy.request({\n  method: 'POST',\n  url: 'https://qc-test.atmatech.id/api/login',\n  body: {\n    username: invalidUsername,\n    password: invalidPassword\n  },\n  failOnStatusCode: false\n}).then(response => {\n  expect(response.status).to.eq(400);\n  expect(response.body).to.have.property('message', 'Nama pengguna atau kata sandi salah.');\n});",
                  "err": {},
                  "uuid": "a3420cc4-f65c-4642-91a0-ab017f9d888e",
                  "parentUUID": "9dd548c3-6bad-4e4c-9a61-a5c7d08c7c88",
                  "isHook": false,
                  "skipped": false
                }
              ],
              "suites": [],
              "passes": [
                "6fd1cb9b-0a59-4c48-b388-46a3f515d9d2",
                "a3420cc4-f65c-4642-91a0-ab017f9d888e"
              ],
              "failures": [],
              "pending": [],
              "skipped": [],
              "duration": 625,
              "root": false,
              "rootEmpty": false,
              "_timeout": 2000
            },
            {
              "uuid": "3c7e1ac9-37e9-45ed-9f97-aa3527add25d",
              "title": "Me Endpoint",
              "fullFile": "",
              "file": "",
              "beforeHooks": [],
              "afterHooks": [],
              "tests": [
                {
                  "title": "Detail Profile | Positif Case: Get User Detail with valid access token",
                  "fullTitle": "API Testing ATMATECH Me Endpoint Detail Profile | Positif Case: Get User Detail with valid access token",
                  "timedOut": null,
                  "duration": 139,
                  "state": "passed",
                  "speed": "fast",
                  "pass": true,
                  "fail": false,
                  "pending": false,
                  "context": null,
                  "code": "cy.request({\n  method: 'GET',\n  url: 'https://qc-test.atmatech.id/api/me/',\n  headers: {\n    Authorization: `Bearer ${token}`\n  }\n}).then(response => {\n  expect(response.status).to.eq(200);\n  expect(response.body).to.have.property('_id');\n  expect(response.body).to.have.property('username');\n});",
                  "err": {},
                  "uuid": "a38a6578-9500-4f55-842a-a64382b45f0b",
                  "parentUUID": "3c7e1ac9-37e9-45ed-9f97-aa3527add25d",
                  "isHook": false,
                  "skipped": false
                },
                {
                  "title": "Detail Profile | Negatif Case: Unauthorized access to Detail",
                  "fullTitle": "API Testing ATMATECH Me Endpoint Detail Profile | Negatif Case: Unauthorized access to Detail",
                  "timedOut": null,
                  "duration": 236,
                  "state": "passed",
                  "speed": "fast",
                  "pass": true,
                  "fail": false,
                  "pending": false,
                  "context": null,
                  "code": "cy.request({\n  method: 'GET',\n  url: 'https://qc-test.atmatech.id/api/me/',\n  headers: {\n    Authorization: 'Bearer invalidToken'\n  },\n  failOnStatusCode: false\n}).then(response => {\n  expect(response.status).to.eq(401);\n  expect(response.body).to.have.property('message', 'Unauthorized');\n});",
                  "err": {},
                  "uuid": "87c9b2cc-2a2f-4bcd-9dac-35cba508090f",
                  "parentUUID": "3c7e1ac9-37e9-45ed-9f97-aa3527add25d",
                  "isHook": false,
                  "skipped": false
                },
                {
                  "title": "Edit Profil | Edit User Profile Successfully",
                  "fullTitle": "API Testing ATMATECH Me Endpoint Edit Profil | Edit User Profile Successfully",
                  "timedOut": null,
                  "duration": 641,
                  "state": "failed",
                  "speed": null,
                  "pass": false,
                  "fail": true,
                  "pending": false,
                  "context": null,
                  "code": "const newProfileData = new FormData();\nnewProfileData.append('email', \"superadmin1@mailinator.com\");\nnewProfileData.append('fullName', 'Super Admin');\ncy.request({\n  method: 'PUT',\n  url: 'https://qc-test.atmatech.id/api/me/',\n  headers: {\n    Authorization: `Bearer ${token}`,\n    'Content-Type': 'multipart/form-data'\n  },\n  body: newProfileData,\n  failOnStatusCode: false\n}).then(response => {\n  expect(response.status).to.eq(200);\n  expect(response.body.email).to.eq('superadmin1@mailinator.com');\n  expect(response.body.fullName).to.eq('Super Admin');\n});",
                  "err": {
                    "message": "AssertionError: expected undefined to equal 'superadmin1@mailinator.com'",
                    "estack": "AssertionError: expected undefined to equal 'superadmin1@mailinator.com'\n    at Context.eval (webpack:///./cypress/e2e/api_test.cy.js:87:47)",
                    "diff": null
                  },
                  "uuid": "6d0c0b30-13bf-44be-9832-8108b21bcdb1",
                  "parentUUID": "3c7e1ac9-37e9-45ed-9f97-aa3527add25d",
                  "isHook": false,
                  "skipped": false
                }
              ],
              "suites": [],
              "passes": [
                "a38a6578-9500-4f55-842a-a64382b45f0b",
                "87c9b2cc-2a2f-4bcd-9dac-35cba508090f"
              ],
              "failures": [
                "6d0c0b30-13bf-44be-9832-8108b21bcdb1"
              ],
              "pending": [],
              "skipped": [],
              "duration": 1016,
              "root": false,
              "rootEmpty": false,
              "_timeout": 2000
            }
          ],
          "passes": [],
          "failures": [],
          "pending": [],
          "skipped": [],
          "duration": 0,
          "root": false,
          "rootEmpty": false,
          "_timeout": 2000
        }
      ],
      "passes": [],
      "failures": [],
      "pending": [],
      "skipped": [],
      "duration": 0,
      "root": true,
      "rootEmpty": true,
      "_timeout": 2000
    }
  ],
  "meta": {
    "mocha": {
      "version": "7.0.1"
    },
    "mochawesome": {
      "options": {
        "quiet": false,
        "reportFilename": "mochawesome",
        "saveHtml": true,
        "saveJson": true,
        "consoleReporter": "spec",
        "useInlineDiffs": false,
        "code": true
      },
      "version": "7.1.3"
    },
    "marge": {
      "options": {
        "id": "default",
        "reportDir": "cypress/mochawesome-report",
        "overwrite": false,
        "html": true,
        "json": true
      },
      "version": "6.2.0"
    }
  }
}