{
  "stats": {
    "suites": 2,
    "tests": 1,
    "passes": 1,
    "pending": 0,
    "failures": 0,
    "start": "2023-11-10T03:57:49.524Z",
    "end": "2023-11-10T03:57:50.108Z",
    "duration": 584,
    "testsRegistered": 1,
    "passPercent": 100,
    "pendingPercent": 0,
    "other": 0,
    "hasOther": false,
    "skipped": 0,
    "hasSkipped": false
  },
  "results": [
    {
      "uuid": "1c7e0357-6ee6-44d0-a33d-b0d419e4ae2a",
      "title": "",
      "fullFile": "cypress\\e2e\\api_test.cy.js",
      "file": "cypress\\e2e\\api_test.cy.js",
      "beforeHooks": [],
      "afterHooks": [],
      "tests": [],
      "suites": [
        {
          "uuid": "260fd25d-f022-45eb-92be-ebed083f62de",
          "title": "API Testing ATMATECH",
          "fullFile": "",
          "file": "",
          "beforeHooks": [],
          "afterHooks": [],
          "tests": [],
          "suites": [
            {
              "uuid": "6fdaa884-7b08-4083-9bdc-9170412cd3d2",
              "title": "Login Endpoint",
              "fullFile": "",
              "file": "",
              "beforeHooks": [],
              "afterHooks": [],
              "tests": [
                {
                  "title": "Positif Case: Login with valid credential",
                  "fullTitle": "API Testing ATMATECH Login Endpoint Positif Case: Login with valid credential",
                  "timedOut": null,
                  "duration": 529,
                  "state": "passed",
                  "speed": "fast",
                  "pass": true,
                  "fail": false,
                  "pending": false,
                  "context": null,
                  "code": "cy.request({\n  method: 'POST',\n  url: 'https://qc-test.atmatech.id/api/login',\n  body: {\n    username: validUsername,\n    password: validPassword\n  }\n}).then(response => {\n  expect(response.status).to.eq(200);\n  expect(response.body).to.have.property('accessToken');\n  token = response.body.accessToken;\n});",
                  "err": {},
                  "uuid": "7d9410af-21af-48c9-8805-6a095bae8686",
                  "parentUUID": "6fdaa884-7b08-4083-9bdc-9170412cd3d2",
                  "isHook": false,
                  "skipped": false
                }
              ],
              "suites": [],
              "passes": [
                "7d9410af-21af-48c9-8805-6a095bae8686"
              ],
              "failures": [],
              "pending": [],
              "skipped": [],
              "duration": 529,
              "root": false,
              "rootEmpty": false,
              "_timeout": 2000
            }
          ],
          "passes": [],
          "failures": [],
          "pending": [],
          "skipped": [],
          "duration": 0,
          "root": false,
          "rootEmpty": false,
          "_timeout": 2000
        }
      ],
      "passes": [],
      "failures": [],
      "pending": [],
      "skipped": [],
      "duration": 0,
      "root": true,
      "rootEmpty": true,
      "_timeout": 2000
    }
  ],
  "meta": {
    "mocha": {
      "version": "7.0.1"
    },
    "mochawesome": {
      "options": {
        "quiet": false,
        "reportFilename": "mochawesome",
        "saveHtml": true,
        "saveJson": true,
        "consoleReporter": "spec",
        "useInlineDiffs": false,
        "code": true
      },
      "version": "7.1.3"
    },
    "marge": {
      "options": {
        "id": "default",
        "reportDir": "cypress/mochawesome-report",
        "overwrite": false,
        "html": true,
        "json": true
      },
      "version": "6.2.0"
    }
  }
}