{
  "stats": {
    "suites": 4,
    "tests": 7,
    "passes": 7,
    "pending": 0,
    "failures": 0,
    "start": "2023-11-11T05:39:09.442Z",
    "end": "2023-11-11T05:39:11.328Z",
    "duration": 1886,
    "testsRegistered": 7,
    "passPercent": 100,
    "pendingPercent": 0,
    "other": 0,
    "hasOther": false,
    "skipped": 0,
    "hasSkipped": false
  },
  "results": [
    {
      "uuid": "f4de6449-12a9-4b00-ad76-ae97c58fc2a4",
      "title": "",
      "fullFile": "cypress\\e2e\\api_test.cy.js",
      "file": "cypress\\e2e\\api_test.cy.js",
      "beforeHooks": [],
      "afterHooks": [],
      "tests": [],
      "suites": [
        {
          "uuid": "7ef83608-06a0-47b9-9836-e986f6d50890",
          "title": "API Testing ATMATECH",
          "fullFile": "",
          "file": "",
          "beforeHooks": [],
          "afterHooks": [],
          "tests": [],
          "suites": [
            {
              "uuid": "18d48dba-07ed-4fbb-8925-0a930fa8c80e",
              "title": "Login Endpoint",
              "fullFile": "",
              "file": "",
              "beforeHooks": [],
              "afterHooks": [],
              "tests": [
                {
                  "title": "Positif Case: Login with valid credential",
                  "fullTitle": "API Testing ATMATECH Login Endpoint Positif Case: Login with valid credential",
                  "timedOut": null,
                  "duration": 581,
                  "state": "passed",
                  "speed": "fast",
                  "pass": true,
                  "fail": false,
                  "pending": false,
                  "context": null,
                  "code": "cy.request({\n  method: 'POST',\n  url: `${api_baseURL}/login`,\n  body: {\n    username: validUsername,\n    password: validPassword\n  }\n}).then(response => {\n  expect(response.status).to.eq(200);\n  expect(response.body).to.have.property('accessToken');\n  token = response.body.accessToken;\n});",
                  "err": {},
                  "uuid": "834c0d5e-db50-4c2b-950e-6751a263a6c6",
                  "parentUUID": "18d48dba-07ed-4fbb-8925-0a930fa8c80e",
                  "isHook": false,
                  "skipped": false
                },
                {
                  "title": "Negatif Case: Login with invalid credential",
                  "fullTitle": "API Testing ATMATECH Login Endpoint Negatif Case: Login with invalid credential",
                  "timedOut": null,
                  "duration": 174,
                  "state": "passed",
                  "speed": "fast",
                  "pass": true,
                  "fail": false,
                  "pending": false,
                  "context": null,
                  "code": "cy.request({\n  method: 'POST',\n  url: 'https://qc-test.atmatech.id/api/login',\n  body: {\n    username: invalidUsername,\n    password: invalidPassword\n  },\n  failOnStatusCode: false\n}).then(response => {\n  expect(response.status).to.eq(400);\n  expect(response.body).to.have.property('message', 'Nama pengguna atau kata sandi salah.');\n});",
                  "err": {},
                  "uuid": "05d84011-870d-42f8-8ad5-ca37075b0bbc",
                  "parentUUID": "18d48dba-07ed-4fbb-8925-0a930fa8c80e",
                  "isHook": false,
                  "skipped": false
                }
              ],
              "suites": [],
              "passes": [
                "834c0d5e-db50-4c2b-950e-6751a263a6c6",
                "05d84011-870d-42f8-8ad5-ca37075b0bbc"
              ],
              "failures": [],
              "pending": [],
              "skipped": [],
              "duration": 755,
              "root": false,
              "rootEmpty": false,
              "_timeout": 2000
            },
            {
              "uuid": "33cd83b8-7ed3-4ff9-b254-4e8866c648f0",
              "title": "User Detail Login",
              "fullFile": "",
              "file": "",
              "beforeHooks": [],
              "afterHooks": [],
              "tests": [
                {
                  "title": "Positif Case: Get User Detail with valid access token",
                  "fullTitle": "API Testing ATMATECH User Detail Login Positif Case: Get User Detail with valid access token",
                  "timedOut": null,
                  "duration": 141,
                  "state": "passed",
                  "speed": "fast",
                  "pass": true,
                  "fail": false,
                  "pending": false,
                  "context": null,
                  "code": "cy.request({\n  method: 'GET',\n  url: 'https://qc-test.atmatech.id/api/me/',\n  headers: {\n    Authorization: `Bearer ${token}`\n  }\n}).then(response => {\n  expect(response.status).to.eq(200);\n  expect(response.body).to.have.property('_id');\n  expect(response.body).to.have.property('username');\n});",
                  "err": {},
                  "uuid": "045fc78c-8f2f-43e9-b9bd-4cea052e56ef",
                  "parentUUID": "33cd83b8-7ed3-4ff9-b254-4e8866c648f0",
                  "isHook": false,
                  "skipped": false
                },
                {
                  "title": "Negative Case: Access API User detail without token",
                  "fullTitle": "API Testing ATMATECH User Detail Login Negative Case: Access API User detail without token",
                  "timedOut": null,
                  "duration": 127,
                  "state": "passed",
                  "speed": "fast",
                  "pass": true,
                  "fail": false,
                  "pending": false,
                  "context": null,
                  "code": "cy.request({\n  method: 'GET',\n  url: `${api_baseURL}/me`,\n  failOnStatusCode: false\n}).then(response => {\n  expect(response.status).to.eq(401);\n  expect(response.body).to.have.property('message', 'Unauthorized');\n});",
                  "err": {},
                  "uuid": "3f7e5cd6-91b4-42bd-bec3-2157666225dd",
                  "parentUUID": "33cd83b8-7ed3-4ff9-b254-4e8866c648f0",
                  "isHook": false,
                  "skipped": false
                },
                {
                  "title": "Negatif Case: Unauthorized access to Detail",
                  "fullTitle": "API Testing ATMATECH User Detail Login Negatif Case: Unauthorized access to Detail",
                  "timedOut": null,
                  "duration": 157,
                  "state": "passed",
                  "speed": "fast",
                  "pass": true,
                  "fail": false,
                  "pending": false,
                  "context": null,
                  "code": "cy.request({\n  method: 'GET',\n  url: 'https://qc-test.atmatech.id/api/me/',\n  headers: {\n    Authorization: 'Bearer invalidToken'\n  },\n  failOnStatusCode: false\n}).then(response => {\n  expect(response.status).to.eq(401);\n  expect(response.body).to.have.property('message', 'Unauthorized');\n});",
                  "err": {},
                  "uuid": "b3bb1a42-0b09-4019-9aa3-4a274e0737f7",
                  "parentUUID": "33cd83b8-7ed3-4ff9-b254-4e8866c648f0",
                  "isHook": false,
                  "skipped": false
                }
              ],
              "suites": [],
              "passes": [
                "045fc78c-8f2f-43e9-b9bd-4cea052e56ef",
                "3f7e5cd6-91b4-42bd-bec3-2157666225dd",
                "b3bb1a42-0b09-4019-9aa3-4a274e0737f7"
              ],
              "failures": [],
              "pending": [],
              "skipped": [],
              "duration": 425,
              "root": false,
              "rootEmpty": false,
              "_timeout": 2000
            },
            {
              "uuid": "44119b07-a69c-442a-849a-bb427db7a582",
              "title": "Users Endpoint",
              "fullFile": "",
              "file": "",
              "beforeHooks": [],
              "afterHooks": [],
              "tests": [
                {
                  "title": "Positive Case: Get data User based on criteria",
                  "fullTitle": "API Testing ATMATECH Users Endpoint Positive Case: Get data User based on criteria",
                  "timedOut": null,
                  "duration": 186,
                  "state": "passed",
                  "speed": "fast",
                  "pass": true,
                  "fail": false,
                  "pending": false,
                  "context": null,
                  "code": "const validCriteria = {\n  q: '',\n  role: 'user',\n  page: 1,\n  limit: 10\n};\ncy.request({\n  method: 'GET',\n  url: 'https://qc-test.atmatech.id/api/user/',\n  headers: {\n    Authorization: `Bearer ${token}`\n  },\n  qs: validCriteria\n}).then(response => {\n  expect(response.status).to.eq(200);\n  expect(response.body).to.have.property('limit');\n  expect(response.body).to.have.property('page');\n  expect(response.body).to.have.property('pages');\n  expect(response.body).to.have.property('result');\n  expect(response.body).to.have.property('total');\n});",
                  "err": {},
                  "uuid": "dfc28298-7954-41ce-86b1-919ff06886bd",
                  "parentUUID": "44119b07-a69c-442a-849a-bb427db7a582",
                  "isHook": false,
                  "skipped": false
                },
                {
                  "title": "Negative Case: Access API user list without token",
                  "fullTitle": "API Testing ATMATECH Users Endpoint Negative Case: Access API user list without token",
                  "timedOut": null,
                  "duration": 122,
                  "state": "passed",
                  "speed": "fast",
                  "pass": true,
                  "fail": false,
                  "pending": false,
                  "context": null,
                  "code": "cy.request({\n  method: 'GET',\n  url: `${api_baseURL}/user`,\n  failOnStatusCode: false\n}).then(response => {\n  expect(response.status).to.eq(401);\n  expect(response.body).to.have.property('message', 'Unauthorized');\n});",
                  "err": {},
                  "uuid": "86595147-15bc-42ac-9a13-242f4790c62e",
                  "parentUUID": "44119b07-a69c-442a-849a-bb427db7a582",
                  "isHook": false,
                  "skipped": false
                }
              ],
              "suites": [],
              "passes": [
                "dfc28298-7954-41ce-86b1-919ff06886bd",
                "86595147-15bc-42ac-9a13-242f4790c62e"
              ],
              "failures": [],
              "pending": [],
              "skipped": [],
              "duration": 308,
              "root": false,
              "rootEmpty": false,
              "_timeout": 2000
            }
          ],
          "passes": [],
          "failures": [],
          "pending": [],
          "skipped": [],
          "duration": 0,
          "root": false,
          "rootEmpty": false,
          "_timeout": 2000
        }
      ],
      "passes": [],
      "failures": [],
      "pending": [],
      "skipped": [],
      "duration": 0,
      "root": true,
      "rootEmpty": true,
      "_timeout": 2000
    }
  ],
  "meta": {
    "mocha": {
      "version": "7.0.1"
    },
    "mochawesome": {
      "options": {
        "quiet": false,
        "reportFilename": "mochawesome",
        "saveHtml": true,
        "saveJson": true,
        "consoleReporter": "spec",
        "useInlineDiffs": false,
        "code": true
      },
      "version": "7.1.3"
    },
    "marge": {
      "options": {
        "id": "default",
        "reportDir": "cypress/mochawesome-report",
        "overwrite": false,
        "html": true,
        "json": true
      },
      "version": "6.2.0"
    }
  }
}