{
  "stats": {
    "suites": 3,
    "tests": 5,
    "passes": 4,
    "pending": 0,
    "failures": 1,
    "start": "2023-11-10T08:17:21.531Z",
    "end": "2023-11-10T08:17:24.656Z",
    "duration": 3125,
    "testsRegistered": 5,
    "passPercent": 80,
    "pendingPercent": 0,
    "other": 0,
    "hasOther": false,
    "skipped": 0,
    "hasSkipped": false
  },
  "results": [
    {
      "uuid": "a5aa91a6-7ad4-4b42-a4c6-f957f44a7225",
      "title": "",
      "fullFile": "cypress\\e2e\\api_test.cy.js",
      "file": "cypress\\e2e\\api_test.cy.js",
      "beforeHooks": [],
      "afterHooks": [],
      "tests": [],
      "suites": [
        {
          "uuid": "828eb720-3ecf-4fef-af0c-7ec7e7b0fb5b",
          "title": "API Testing ATMATECH",
          "fullFile": "",
          "file": "",
          "beforeHooks": [],
          "afterHooks": [],
          "tests": [],
          "suites": [
            {
              "uuid": "cac8b8f3-68c1-4465-8538-1aa60ccbe91e",
              "title": "Login Endpoint",
              "fullFile": "",
              "file": "",
              "beforeHooks": [],
              "afterHooks": [],
              "tests": [
                {
                  "title": "Positif Case: Login with valid credential",
                  "fullTitle": "API Testing ATMATECH Login Endpoint Positif Case: Login with valid credential",
                  "timedOut": null,
                  "duration": 791,
                  "state": "passed",
                  "speed": "fast",
                  "pass": true,
                  "fail": false,
                  "pending": false,
                  "context": null,
                  "code": "cy.request({\n  method: 'POST',\n  url: 'https://qc-test.atmatech.id/api/login',\n  body: {\n    username: validUsername,\n    password: validPassword\n  }\n}).then(response => {\n  expect(response.status).to.eq(200);\n  expect(response.body).to.have.property('accessToken');\n  token = response.body.accessToken;\n});",
                  "err": {},
                  "uuid": "66882487-6bc5-4359-8892-c64205865a90",
                  "parentUUID": "cac8b8f3-68c1-4465-8538-1aa60ccbe91e",
                  "isHook": false,
                  "skipped": false
                },
                {
                  "title": "Negatif Case: Login with invalid credential",
                  "fullTitle": "API Testing ATMATECH Login Endpoint Negatif Case: Login with invalid credential",
                  "timedOut": null,
                  "duration": 141,
                  "state": "passed",
                  "speed": "fast",
                  "pass": true,
                  "fail": false,
                  "pending": false,
                  "context": null,
                  "code": "cy.request({\n  method: 'POST',\n  url: 'https://qc-test.atmatech.id/api/login',\n  body: {\n    username: invalidUsername,\n    password: invalidPassword\n  },\n  failOnStatusCode: false\n}).then(response => {\n  expect(response.status).to.eq(400);\n  expect(response.body).to.have.property('message', 'Nama pengguna atau kata sandi salah.');\n});",
                  "err": {},
                  "uuid": "13481bb2-0988-491f-8c04-23ef78fec022",
                  "parentUUID": "cac8b8f3-68c1-4465-8538-1aa60ccbe91e",
                  "isHook": false,
                  "skipped": false
                }
              ],
              "suites": [],
              "passes": [
                "66882487-6bc5-4359-8892-c64205865a90",
                "13481bb2-0988-491f-8c04-23ef78fec022"
              ],
              "failures": [],
              "pending": [],
              "skipped": [],
              "duration": 932,
              "root": false,
              "rootEmpty": false,
              "_timeout": 2000
            },
            {
              "uuid": "910ff702-b0b1-4b63-a5ec-938f15044415",
              "title": "Me Endpoint",
              "fullFile": "",
              "file": "",
              "beforeHooks": [],
              "afterHooks": [],
              "tests": [
                {
                  "title": "Detail Profile | Positif Case: Get User Detail with valid access token",
                  "fullTitle": "API Testing ATMATECH Me Endpoint Detail Profile | Positif Case: Get User Detail with valid access token",
                  "timedOut": null,
                  "duration": 142,
                  "state": "passed",
                  "speed": "fast",
                  "pass": true,
                  "fail": false,
                  "pending": false,
                  "context": null,
                  "code": "cy.request({\n  method: 'GET',\n  url: 'https://qc-test.atmatech.id/api/me/',\n  headers: {\n    Authorization: `Bearer ${token}`\n  }\n}).then(response => {\n  expect(response.status).to.eq(200);\n  expect(response.body).to.have.property('_id');\n  expect(response.body).to.have.property('username');\n});",
                  "err": {},
                  "uuid": "1f4f86e3-b76f-46fa-8dea-dadfb63fc98b",
                  "parentUUID": "910ff702-b0b1-4b63-a5ec-938f15044415",
                  "isHook": false,
                  "skipped": false
                },
                {
                  "title": "Detail Profile | Negatif Case: Unauthorized access to Detail",
                  "fullTitle": "API Testing ATMATECH Me Endpoint Detail Profile | Negatif Case: Unauthorized access to Detail",
                  "timedOut": null,
                  "duration": 116,
                  "state": "passed",
                  "speed": "fast",
                  "pass": true,
                  "fail": false,
                  "pending": false,
                  "context": null,
                  "code": "cy.request({\n  method: 'GET',\n  url: 'https://qc-test.atmatech.id/api/me/',\n  headers: {\n    Authorization: 'Bearer invalidToken'\n  },\n  failOnStatusCode: false\n}).then(response => {\n  expect(response.status).to.eq(401);\n  expect(response.body).to.have.property('message', 'Unauthorized');\n});",
                  "err": {},
                  "uuid": "cbac78d5-d49a-4ca7-bb5f-371fa1da6da7",
                  "parentUUID": "910ff702-b0b1-4b63-a5ec-938f15044415",
                  "isHook": false,
                  "skipped": false
                },
                {
                  "title": "Edit Profil | Edit User Profile Successfully",
                  "fullTitle": "API Testing ATMATECH Me Endpoint Edit Profil | Edit User Profile Successfully",
                  "timedOut": null,
                  "duration": 1212,
                  "state": "failed",
                  "speed": null,
                  "pass": false,
                  "fail": true,
                  "pending": false,
                  "context": null,
                  "code": "const newProfileData = {\n  fullName: 'Super Admin',\n  email: 'new@superadmin.com'\n};\ncy.request({\n  method: \"PUT\",\n  url: 'https://qc-test.atmatech.id/api/me/',\n  headers: {\n    Authorization: `Bearer ${token}`\n  },\n  body: newProfileData\n}).then(response => {\n  expect(response.status).to.eq(200);\n  expect(response.body).to.have.property('_id');\n  expect(response.body.email).to.eq(newProfileData.email);\n  expect(response.body.fullName).to.eq(newProfileData.fullName);\n});",
                  "err": {
                    "message": "CypressError: `cy.request()` failed on:\n\nhttps://qc-test.atmatech.id/api/me/\n\nThe response we received from your web server was:\n\n  > 400: Bad Request\n\nThis was considered a failure because the status code was not `2xx` or `3xx`.\n\nIf you do not want status codes to cause failures pass the option: `failOnStatusCode: false`\n\n-----------------------------------------------------------\n\nThe request we sent was:\n\nMethod: PUT\nURL: https://qc-test.atmatech.id/api/me/\nHeaders: {\n  \"Connection\": \"keep-alive\",\n  \"Authorization\": \"Bearer eyJhbGciOiJIUzI1NiIsInR5cCI6IkpXVCJ9.eyJleHAiOjE2OTk2MDYwNDMsImlkIjoiNjRlYzY3Nzc2NmFlMGZhMDBkZDY4NjkzIiwicm9sZSI6InN1cGVyYWRtaW4ifQ.i112nFwtpcphfGiRQcTkn_AkuNHOandqOQdeUeTBSbo\",\n  \"user-agent\": \"Mozilla/5.0 (Windows NT 10.0; Win64; x64) AppleWebKit/537.36 (KHTML, like Gecko) Cypress/13.5.0 Chrome/114.0.5735.289 Electron/25.8.4 Safari/537.36\",\n  \"accept\": \"*/*\",\n  \"accept-encoding\": \"gzip, deflate\",\n  \"content-type\": \"application/json\",\n  \"content-length\": 55\n}\nBody: {\"fullName\":\"Super Admin\",\"email\":\"new@superadmin.com\"}\n\n-----------------------------------------------------------\n\nThe response we got was:\n\nStatus: 400 - Bad Request\nHeaders: {\n  \"date\": \"Fri, 10 Nov 2023 08:17:24 GMT\",\n  \"content-type\": \"application/json; charset=UTF-8\",\n  \"content-length\": \"42\",\n  \"connection\": \"keep-alive\",\n  \"vary\": \"Origin\",\n  \"cf-cache-status\": \"DYNAMIC\",\n  \"report-to\": \"{\\\"endpoints\\\":[{\\\"url\\\":\\\"https:\\\\/\\\\/a.nel.cloudflare.com\\\\/report\\\\/v3?s=NRLv5vBBVqi%2F9e1z9hsydOU8E0%2F1Az%2BLHGHwU1TtoEMv1J2EjEgMPCN23XAzJwX7yApAmp9RiV2t1ckle1oOBOmxFL2VUmKyUEHpgrG9Yn3QzKByXpeJG127LndFoPp2x6I6NdCZ\\\"}],\\\"group\\\":\\\"cf-nel\\\",\\\"max_age\\\":604800}\",\n  \"nel\": \"{\\\"success_fraction\\\":0,\\\"report_to\\\":\\\"cf-nel\\\",\\\"max_age\\\":604800}\",\n  \"server\": \"cloudflare\",\n  \"cf-ray\": \"823cdbe04c24bea7-CGK\",\n  \"alt-svc\": \"h3=\\\":443\\\"; ma=86400\"\n}\nBody: {\n  \"message\": \"Tidak ada data yang diubah.\"\n}\n\n\nhttps://on.cypress.io/request",
                    "estack": "CypressError: `cy.request()` failed on:\n\nhttps://qc-test.atmatech.id/api/me/\n\nThe response we received from your web server was:\n\n  > 400: Bad Request\n\nThis was considered a failure because the status code was not `2xx` or `3xx`.\n\nIf you do not want status codes to cause failures pass the option: `failOnStatusCode: false`\n\n-----------------------------------------------------------\n\nThe request we sent was:\n\nMethod: PUT\nURL: https://qc-test.atmatech.id/api/me/\nHeaders: {\n  \"Connection\": \"keep-alive\",\n  \"Authorization\": \"Bearer eyJhbGciOiJIUzI1NiIsInR5cCI6IkpXVCJ9.eyJleHAiOjE2OTk2MDYwNDMsImlkIjoiNjRlYzY3Nzc2NmFlMGZhMDBkZDY4NjkzIiwicm9sZSI6InN1cGVyYWRtaW4ifQ.i112nFwtpcphfGiRQcTkn_AkuNHOandqOQdeUeTBSbo\",\n  \"user-agent\": \"Mozilla/5.0 (Windows NT 10.0; Win64; x64) AppleWebKit/537.36 (KHTML, like Gecko) Cypress/13.5.0 Chrome/114.0.5735.289 Electron/25.8.4 Safari/537.36\",\n  \"accept\": \"*/*\",\n  \"accept-encoding\": \"gzip, deflate\",\n  \"content-type\": \"application/json\",\n  \"content-length\": 55\n}\nBody: {\"fullName\":\"Super Admin\",\"email\":\"new@superadmin.com\"}\n\n-----------------------------------------------------------\n\nThe response we got was:\n\nStatus: 400 - Bad Request\nHeaders: {\n  \"date\": \"Fri, 10 Nov 2023 08:17:24 GMT\",\n  \"content-type\": \"application/json; charset=UTF-8\",\n  \"content-length\": \"42\",\n  \"connection\": \"keep-alive\",\n  \"vary\": \"Origin\",\n  \"cf-cache-status\": \"DYNAMIC\",\n  \"report-to\": \"{\\\"endpoints\\\":[{\\\"url\\\":\\\"https:\\\\/\\\\/a.nel.cloudflare.com\\\\/report\\\\/v3?s=NRLv5vBBVqi%2F9e1z9hsydOU8E0%2F1Az%2BLHGHwU1TtoEMv1J2EjEgMPCN23XAzJwX7yApAmp9RiV2t1ckle1oOBOmxFL2VUmKyUEHpgrG9Yn3QzKByXpeJG127LndFoPp2x6I6NdCZ\\\"}],\\\"group\\\":\\\"cf-nel\\\",\\\"max_age\\\":604800}\",\n  \"nel\": \"{\\\"success_fraction\\\":0,\\\"report_to\\\":\\\"cf-nel\\\",\\\"max_age\\\":604800}\",\n  \"server\": \"cloudflare\",\n  \"cf-ray\": \"823cdbe04c24bea7-CGK\",\n  \"alt-svc\": \"h3=\\\":443\\\"; ma=86400\"\n}\nBody: {\n  \"message\": \"Tidak ada data yang diubah.\"\n}\n\n\nhttps://on.cypress.io/request\n    at <unknown> (https://qc-test.atmatech.id/__cypress/runner/cypress_runner.js:133362:72)\n    at tryCatcher (https://qc-test.atmatech.id/__cypress/runner/cypress_runner.js:1807:23)\n    at Promise._settlePromiseFromHandler (https://qc-test.atmatech.id/__cypress/runner/cypress_runner.js:1519:31)\n    at Promise._settlePromise (https://qc-test.atmatech.id/__cypress/runner/cypress_runner.js:1576:18)\n    at Promise._settlePromise0 (https://qc-test.atmatech.id/__cypress/runner/cypress_runner.js:1621:10)\n    at Promise._settlePromises (https://qc-test.atmatech.id/__cypress/runner/cypress_runner.js:1701:18)\n    at _drainQueueStep (https://qc-test.atmatech.id/__cypress/runner/cypress_runner.js:2407:12)\n    at _drainQueue (https://qc-test.atmatech.id/__cypress/runner/cypress_runner.js:2400:9)\n    at Async._drainQueues (https://qc-test.atmatech.id/__cypress/runner/cypress_runner.js:2416:5)\n    at Async.drainQueues (https://qc-test.atmatech.id/__cypress/runner/cypress_runner.js:2286:14)\nFrom Your Spec Code:\n    at Context.eval (webpack:///./cypress/e2e/api_test.cy.js:77:15)",
                    "diff": null
                  },
                  "uuid": "fbd5c663-b16e-46eb-ae0a-ecffacd16b66",
                  "parentUUID": "910ff702-b0b1-4b63-a5ec-938f15044415",
                  "isHook": false,
                  "skipped": false
                }
              ],
              "suites": [],
              "passes": [
                "1f4f86e3-b76f-46fa-8dea-dadfb63fc98b",
                "cbac78d5-d49a-4ca7-bb5f-371fa1da6da7"
              ],
              "failures": [
                "fbd5c663-b16e-46eb-ae0a-ecffacd16b66"
              ],
              "pending": [],
              "skipped": [],
              "duration": 1470,
              "root": false,
              "rootEmpty": false,
              "_timeout": 2000
            }
          ],
          "passes": [],
          "failures": [],
          "pending": [],
          "skipped": [],
          "duration": 0,
          "root": false,
          "rootEmpty": false,
          "_timeout": 2000
        }
      ],
      "passes": [],
      "failures": [],
      "pending": [],
      "skipped": [],
      "duration": 0,
      "root": true,
      "rootEmpty": true,
      "_timeout": 2000
    }
  ],
  "meta": {
    "mocha": {
      "version": "7.0.1"
    },
    "mochawesome": {
      "options": {
        "quiet": false,
        "reportFilename": "mochawesome",
        "saveHtml": true,
        "saveJson": true,
        "consoleReporter": "spec",
        "useInlineDiffs": false,
        "code": true
      },
      "version": "7.1.3"
    },
    "marge": {
      "options": {
        "id": "default",
        "reportDir": "cypress/mochawesome-report",
        "overwrite": false,
        "html": true,
        "json": true
      },
      "version": "6.2.0"
    }
  }
}