{
  "stats": {
    "suites": 3,
    "tests": 6,
    "passes": 5,
    "pending": 0,
    "failures": 1,
    "start": "2023-11-10T14:58:32.719Z",
    "end": "2023-11-10T14:58:35.110Z",
    "duration": 2391,
    "testsRegistered": 6,
    "passPercent": 83.33333333333334,
    "pendingPercent": 0,
    "other": 0,
    "hasOther": false,
    "skipped": 0,
    "hasSkipped": false
  },
  "results": [
    {
      "uuid": "ffdfe13f-0763-4a1d-80e4-f4549e07b740",
      "title": "",
      "fullFile": "cypress\\e2e\\api_test.cy.js",
      "file": "cypress\\e2e\\api_test.cy.js",
      "beforeHooks": [],
      "afterHooks": [],
      "tests": [],
      "suites": [
        {
          "uuid": "75303410-74ee-461d-bb2f-7a6fa69b40d4",
          "title": "API Testing ATMATECH",
          "fullFile": "",
          "file": "",
          "beforeHooks": [],
          "afterHooks": [],
          "tests": [],
          "suites": [
            {
              "uuid": "d2c09396-2b19-45ad-a0c9-603a212112d7",
              "title": "Login Endpoint",
              "fullFile": "",
              "file": "",
              "beforeHooks": [],
              "afterHooks": [],
              "tests": [
                {
                  "title": "Positif Case: Login with valid credential",
                  "fullTitle": "API Testing ATMATECH Login Endpoint Positif Case: Login with valid credential",
                  "timedOut": null,
                  "duration": 673,
                  "state": "passed",
                  "speed": "fast",
                  "pass": true,
                  "fail": false,
                  "pending": false,
                  "context": null,
                  "code": "cy.request({\n  method: 'POST',\n  url: 'https://qc-test.atmatech.id/api/login',\n  body: {\n    username: validUsername,\n    password: validPassword\n  }\n}).then(response => {\n  expect(response.status).to.eq(200);\n  expect(response.body).to.have.property('accessToken');\n  token = response.body.accessToken;\n});",
                  "err": {},
                  "uuid": "0a9128c7-1d4e-4482-bd87-f2dee3a1d7a3",
                  "parentUUID": "d2c09396-2b19-45ad-a0c9-603a212112d7",
                  "isHook": false,
                  "skipped": false
                },
                {
                  "title": "Negatif Case: Login with invalid credential",
                  "fullTitle": "API Testing ATMATECH Login Endpoint Negatif Case: Login with invalid credential",
                  "timedOut": null,
                  "duration": 154,
                  "state": "passed",
                  "speed": "fast",
                  "pass": true,
                  "fail": false,
                  "pending": false,
                  "context": null,
                  "code": "cy.request({\n  method: 'POST',\n  url: 'https://qc-test.atmatech.id/api/login',\n  body: {\n    username: invalidUsername,\n    password: invalidPassword\n  },\n  failOnStatusCode: false\n}).then(response => {\n  expect(response.status).to.eq(400);\n  expect(response.body).to.have.property('message', 'Nama pengguna atau kata sandi salah.');\n});",
                  "err": {},
                  "uuid": "05728404-2fe4-426b-a728-672a374b6d21",
                  "parentUUID": "d2c09396-2b19-45ad-a0c9-603a212112d7",
                  "isHook": false,
                  "skipped": false
                }
              ],
              "suites": [],
              "passes": [
                "0a9128c7-1d4e-4482-bd87-f2dee3a1d7a3",
                "05728404-2fe4-426b-a728-672a374b6d21"
              ],
              "failures": [],
              "pending": [],
              "skipped": [],
              "duration": 827,
              "root": false,
              "rootEmpty": false,
              "_timeout": 2000
            },
            {
              "uuid": "733c8cb0-0f9e-406d-ad3d-bcea6e69be78",
              "title": "Me Endpoint",
              "fullFile": "",
              "file": "",
              "beforeHooks": [],
              "afterHooks": [],
              "tests": [
                {
                  "title": "Detail Profile | Positif Case: Get User Detail with valid access token",
                  "fullTitle": "API Testing ATMATECH Me Endpoint Detail Profile | Positif Case: Get User Detail with valid access token",
                  "timedOut": null,
                  "duration": 229,
                  "state": "passed",
                  "speed": "fast",
                  "pass": true,
                  "fail": false,
                  "pending": false,
                  "context": null,
                  "code": "cy.request({\n  method: 'GET',\n  url: 'https://qc-test.atmatech.id/api/me/',\n  headers: {\n    Authorization: `Bearer ${token}`\n  }\n}).then(response => {\n  expect(response.status).to.eq(200);\n  expect(response.body).to.have.property('_id');\n  expect(response.body).to.have.property('username');\n});",
                  "err": {},
                  "uuid": "ac6b29c5-01f6-4631-a813-a7694d46b61d",
                  "parentUUID": "733c8cb0-0f9e-406d-ad3d-bcea6e69be78",
                  "isHook": false,
                  "skipped": false
                },
                {
                  "title": "Detail Profile | Negatif Case: Unauthorized access to Detail",
                  "fullTitle": "API Testing ATMATECH Me Endpoint Detail Profile | Negatif Case: Unauthorized access to Detail",
                  "timedOut": null,
                  "duration": 128,
                  "state": "passed",
                  "speed": "fast",
                  "pass": true,
                  "fail": false,
                  "pending": false,
                  "context": null,
                  "code": "cy.request({\n  method: 'GET',\n  url: 'https://qc-test.atmatech.id/api/me/',\n  headers: {\n    Authorization: 'Bearer invalidToken'\n  },\n  failOnStatusCode: false\n}).then(response => {\n  expect(response.status).to.eq(401);\n  expect(response.body).to.have.property('message', 'Unauthorized');\n});",
                  "err": {},
                  "uuid": "78147d13-3b05-4036-aa1b-3eea7a28667c",
                  "parentUUID": "733c8cb0-0f9e-406d-ad3d-bcea6e69be78",
                  "isHook": false,
                  "skipped": false
                },
                {
                  "title": "Edit Profil | Edit User Profile Successfully",
                  "fullTitle": "API Testing ATMATECH Me Endpoint Edit Profil | Edit User Profile Successfully",
                  "timedOut": null,
                  "duration": 125,
                  "state": "passed",
                  "speed": "fast",
                  "pass": true,
                  "fail": false,
                  "pending": false,
                  "context": null,
                  "code": "const newProfileData = new FormData();\nnewProfileData.append('email', \"superadmin1@mailinator.com\");\nnewProfileData.append('fullName', 'Super Admin');\ncy.request({\n  method: 'PUT',\n  url: 'https://qc-test.atmatech.id/api/me/',\n  headers: {\n    Authorization: `Bearer ${token}`,\n    'Content-Type': 'multipart/form-data'\n  },\n  body: newProfileData,\n  failOnStatusCode: false\n}).then(response => {\n  expect(response.status).to.eq(200);\n});",
                  "err": {},
                  "uuid": "656b3819-d594-48f0-8e02-db4e9ef9846b",
                  "parentUUID": "733c8cb0-0f9e-406d-ad3d-bcea6e69be78",
                  "isHook": false,
                  "skipped": false
                },
                {
                  "title": "Edit Profile | Negative Case: Unauthorized access token",
                  "fullTitle": "API Testing ATMATECH Me Endpoint Edit Profile | Negative Case: Unauthorized access token",
                  "timedOut": null,
                  "duration": 654,
                  "state": "failed",
                  "speed": null,
                  "pass": false,
                  "fail": true,
                  "pending": false,
                  "context": null,
                  "code": "const newProfileData = new FormData();\nnewProfileData.append('email', 'newemail@mailinator.com');\nnewProfileData.append('fullName', 'Admin Baru');\ncy.request({\n  method: 'PUT',\n  url: 'https://qc-test.atmatech.id/api/me/',\n  headers: {\n    Authorization: 'Bearer invalid_access_token',\n    'Content-Type': `multipart/form-data`\n  },\n  body: newProfileData,\n  failOnStatusCode: false\n}).then(response => {\n  expect(response.status).to.eq(401);\n  expect(response.body).to.have.property('error');\n});",
                  "err": {
                    "message": "AssertionError: expected {} to have property 'error'",
                    "estack": "AssertionError: expected {} to have property 'error'\n    at Context.eval (webpack:///./cypress/e2e/api_test.cy.js:109:46)",
                    "diff": null
                  },
                  "uuid": "8acf0ec5-3a4e-4f65-bd79-2a7f12bcabc0",
                  "parentUUID": "733c8cb0-0f9e-406d-ad3d-bcea6e69be78",
                  "isHook": false,
                  "skipped": false
                }
              ],
              "suites": [],
              "passes": [
                "ac6b29c5-01f6-4631-a813-a7694d46b61d",
                "78147d13-3b05-4036-aa1b-3eea7a28667c",
                "656b3819-d594-48f0-8e02-db4e9ef9846b"
              ],
              "failures": [
                "8acf0ec5-3a4e-4f65-bd79-2a7f12bcabc0"
              ],
              "pending": [],
              "skipped": [],
              "duration": 1136,
              "root": false,
              "rootEmpty": false,
              "_timeout": 2000
            }
          ],
          "passes": [],
          "failures": [],
          "pending": [],
          "skipped": [],
          "duration": 0,
          "root": false,
          "rootEmpty": false,
          "_timeout": 2000
        }
      ],
      "passes": [],
      "failures": [],
      "pending": [],
      "skipped": [],
      "duration": 0,
      "root": true,
      "rootEmpty": true,
      "_timeout": 2000
    }
  ],
  "meta": {
    "mocha": {
      "version": "7.0.1"
    },
    "mochawesome": {
      "options": {
        "quiet": false,
        "reportFilename": "mochawesome",
        "saveHtml": true,
        "saveJson": true,
        "consoleReporter": "spec",
        "useInlineDiffs": false,
        "code": true
      },
      "version": "7.1.3"
    },
    "marge": {
      "options": {
        "id": "default",
        "reportDir": "cypress/mochawesome-report",
        "overwrite": false,
        "html": true,
        "json": true
      },
      "version": "6.2.0"
    }
  }
}